TN:
SF:D:\OCS\launchpad-cr\test\base.ts
FNF:0
FNH:0
DA:6,1
DA:7,1
DA:8,1
DA:9,1
DA:10,1
DA:11,1
DA:12,1
DA:13,1
DA:15,1
DA:16,1
DA:17,1
DA:18,1
DA:20,1
DA:21,1
DA:22,1
DA:23,1
DA:24,1
DA:25,1
DA:26,1
DA:27,1
DA:28,1
DA:30,1
DA:31,1
DA:32,1
DA:34,1
DA:35,1
DA:41,1
LF:27
LH:27
BRF:0
BRH:0
end_of_record
TN:
SF:D:\OCS\launchpad-cr\app\cms\api\api-request.ts
FN:21,(anonymous_5)
FN:26,APIRequest
FN:44,(anonymous_7)
FN:60,(anonymous_8)
FN:62,(anonymous_9)
FN:72,(anonymous_10)
FN:75,(anonymous_11)
FN:86,(anonymous_12)
FN:88,(anonymous_13)
FN:103,(anonymous_14)
FN:105,(anonymous_15)
FN:114,(anonymous_16)
FN:118,(anonymous_17)
FN:119,(anonymous_18)
FNF:14
FNH:14
FNDA:1,(anonymous_5)
FNDA:93,APIRequest
FNDA:46,(anonymous_7)
FNDA:2,(anonymous_8)
FNDA:2,(anonymous_9)
FNDA:10,(anonymous_10)
FNDA:10,(anonymous_11)
FNDA:3,(anonymous_12)
FNDA:3,(anonymous_13)
FNDA:1,(anonymous_14)
FNDA:1,(anonymous_15)
FNDA:2,(anonymous_16)
FNDA:1,(anonymous_17)
FNDA:1,(anonymous_18)
DA:11,1
DA:12,1
DA:13,1
DA:14,1
DA:15,1
DA:16,1
DA:17,1
DA:18,1
DA:21,1
DA:26,1
DA:27,93
DA:28,93
DA:29,93
DA:30,93
DA:31,93
DA:32,93
DA:33,93
DA:44,1
DA:45,46
DA:46,4
DA:48,42
DA:51,46
DA:60,1
DA:61,2
DA:62,2
DA:72,1
DA:74,10
DA:75,10
DA:86,1
DA:87,3
DA:89,3
DA:90,3
DA:92,0
DA:103,1
DA:104,1
DA:105,1
DA:114,2
DA:115,2
DA:116,2
DA:117,1
DA:118,1
DA:120,1
DA:123,1
DA:126,2
DA:128,1
LF:45
LH:44
BRDA:45,1,0,4
BRDA:45,1,1,42
BRDA:116,2,0,1
BRDA:116,2,1,1
BRDA:126,3,0,2
BRDA:126,3,1,0
BRF:6
BRH:5
end_of_record
TN:
SF:D:\OCS\launchpad-cr\app\cms\api\cms-api.service.ts
FN:38,(anonymous_5)
FN:46,CmsApiService
FN:62,(anonymous_7)
FN:71,(anonymous_8)
FN:73,(anonymous_9)
FN:83,(anonymous_10)
FN:98,(anonymous_11)
FN:107,(anonymous_12)
FN:108,(anonymous_13)
FN:124,(anonymous_14)
FN:141,(anonymous_15)
FN:154,(anonymous_16)
FN:165,(anonymous_17)
FN:172,(anonymous_18)
FN:187,(anonymous_19)
FN:194,(anonymous_20)
FN:207,(anonymous_21)
FN:213,(anonymous_22)
FN:228,(anonymous_23)
FN:235,(anonymous_24)
FN:248,(anonymous_25)
FN:254,(anonymous_26)
FN:270,(anonymous_27)
FN:296,(anonymous_28)
FN:318,(anonymous_29)
FN:326,(anonymous_30)
FN:327,(anonymous_31)
FN:338,(anonymous_32)
FN:352,(anonymous_33)
FN:362,(anonymous_34)
FN:364,(anonymous_35)
FN:388,(anonymous_36)
FN:398,(anonymous_37)
FN:403,(anonymous_38)
FN:405,(anonymous_39)
FN:427,(anonymous_40)
FN:443,(anonymous_41)
FN:447,(anonymous_42)
FN:468,(anonymous_43)
FN:487,(anonymous_44)
FN:503,(anonymous_45)
FN:563,(anonymous_46)
FN:592,(anonymous_47)
FN:641,(anonymous_48)
FN:670,(anonymous_49)
FN:706,(anonymous_50)
FN:749,(anonymous_51)
FN:798,(anonymous_52)
FN:824,(anonymous_53)
FN:869,(anonymous_54)
FN:903,(anonymous_55)
FN:925,(anonymous_56)
FN:969,(anonymous_57)
FNF:53
FNH:47
FNDA:1,(anonymous_5)
FNDA:43,CmsApiService
FNDA:1,(anonymous_7)
FNDA:2,(anonymous_8)
FNDA:2,(anonymous_9)
FNDA:3,(anonymous_10)
FNDA:1,(anonymous_11)
FNDA:1,(anonymous_12)
FNDA:1,(anonymous_13)
FNDA:1,(anonymous_14)
FNDA:1,(anonymous_15)
FNDA:1,(anonymous_16)
FNDA:2,(anonymous_17)
FNDA:1,(anonymous_18)
FNDA:1,(anonymous_19)
FNDA:1,(anonymous_20)
FNDA:1,(anonymous_21)
FNDA:1,(anonymous_22)
FNDA:1,(anonymous_23)
FNDA:1,(anonymous_24)
FNDA:22,(anonymous_25)
FNDA:21,(anonymous_26)
FNDA:20,(anonymous_27)
FNDA:1,(anonymous_28)
FNDA:0,(anonymous_29)
FNDA:0,(anonymous_30)
FNDA:0,(anonymous_31)
FNDA:3,(anonymous_32)
FNDA:1,(anonymous_33)
FNDA:2,(anonymous_34)
FNDA:1,(anonymous_35)
FNDA:1,(anonymous_36)
FNDA:2,(anonymous_37)
FNDA:1,(anonymous_38)
FNDA:1,(anonymous_39)
FNDA:1,(anonymous_40)
FNDA:0,(anonymous_41)
FNDA:0,(anonymous_42)
FNDA:0,(anonymous_43)
FNDA:3,(anonymous_44)
FNDA:8,(anonymous_45)
FNDA:1,(anonymous_46)
FNDA:1,(anonymous_47)
FNDA:1,(anonymous_48)
FNDA:1,(anonymous_49)
FNDA:3,(anonymous_50)
FNDA:3,(anonymous_51)
FNDA:1,(anonymous_52)
FNDA:3,(anonymous_53)
FNDA:1,(anonymous_54)
FNDA:1,(anonymous_55)
FNDA:2,(anonymous_56)
FNDA:2,(anonymous_57)
DA:10,1
DA:11,1
DA:12,1
DA:14,1
DA:15,1
DA:16,1
DA:17,1
DA:19,1
DA:20,1
DA:23,1
DA:28,1
DA:29,1
DA:31,1
DA:32,1
DA:33,1
DA:34,1
DA:35,1
DA:38,1
DA:46,1
DA:47,43
DA:48,43
DA:49,43
DA:50,43
DA:51,43
DA:52,43
DA:53,43
DA:62,1
DA:63,1
DA:71,2
DA:72,2
DA:73,2
DA:83,1
DA:84,3
DA:85,3
DA:86,3
DA:98,1
DA:99,2
DA:100,2
DA:101,2
DA:102,2
DA:103,1
DA:105,1
DA:108,1
DA:110,1
DA:124,1
DA:125,1
DA:126,1
DA:128,1
DA:129,1
DA:130,1
DA:132,1
DA:141,1
DA:142,1
DA:144,1
DA:154,1
DA:155,1
DA:165,2
DA:166,2
DA:167,2
DA:169,2
DA:173,1
DA:175,1
DA:187,1
DA:188,1
DA:189,1
DA:191,1
DA:195,1
DA:197,1
DA:207,1
DA:208,1
DA:210,1
DA:214,1
DA:215,1
DA:217,1
DA:228,1
DA:229,1
DA:230,1
DA:232,1
DA:236,1
DA:238,1
DA:248,22
DA:249,22
DA:250,22
DA:251,22
DA:253,22
DA:256,21
DA:257,0
DA:259,0
DA:266,21
DA:267,21
DA:269,21
DA:272,20
DA:273,8
DA:274,12
DA:276,3
DA:277,9
DA:279,3
DA:280,6
DA:282,1
DA:283,5
DA:285,2
DA:286,3
DA:288,3
DA:293,21
DA:297,1
DA:299,1
DA:300,0
DA:303,1
DA:305,1
DA:306,0
DA:308,1
DA:318,1
DA:319,0
DA:320,0
DA:323,0
DA:325,0
DA:326,0
DA:328,0
DA:338,1
DA:339,3
DA:340,0
DA:341,0
DA:344,3
DA:352,1
DA:353,1
DA:354,1
DA:362,2
DA:363,2
DA:365,1
DA:366,1
DA:367,1
DA:368,1
DA:370,1
DA:371,1
DA:374,0
DA:377,0
DA:388,1
DA:389,1
DA:398,2
DA:399,2
DA:401,2
DA:402,2
DA:403,1
DA:404,1
DA:405,1
DA:406,1
DA:409,0
DA:414,1
DA:416,0
DA:427,1
DA:428,1
DA:429,1
DA:431,1
DA:433,0
DA:443,1
DA:444,0
DA:445,0
DA:447,0
DA:448,0
DA:449,0
DA:450,0
DA:453,0
DA:458,0
DA:468,1
DA:469,0
DA:471,0
DA:472,0
DA:476,0
DA:487,1
DA:488,3
DA:489,0
DA:503,1
DA:504,8
DA:505,8
DA:508,8
DA:509,2
DA:510,1
DA:512,1
DA:514,1
DA:515,1
DA:516,1
DA:518,1
DA:520,6
DA:522,1
DA:523,5
DA:525,1
DA:526,4
DA:528,1
DA:529,3
DA:531,2
DA:532,1
DA:533,1
DA:538,1
DA:539,1
DA:540,1
DA:541,1
DA:546,1
DA:548,1
DA:550,1
DA:563,1
DA:564,1
DA:566,1
DA:568,1
DA:569,1
DA:576,1
DA:577,1
DA:592,1
DA:593,1
DA:594,1
DA:596,1
DA:598,1
DA:599,1
DA:606,1
DA:609,1
DA:610,1
DA:613,0
DA:614,0
DA:621,0
DA:624,0
DA:625,0
DA:641,1
DA:642,1
DA:644,1
DA:646,1
DA:647,1
DA:654,1
DA:655,1
DA:670,1
DA:671,1
DA:673,1
DA:675,1
DA:678,1
DA:680,1
DA:686,1
DA:689,1
DA:690,1
DA:706,1
DA:707,3
DA:708,3
DA:710,3
DA:713,3
DA:714,2
DA:715,1
DA:716,1
DA:722,1
DA:723,1
DA:724,1
DA:725,1
DA:731,1
DA:733,1
DA:735,1
DA:749,1
DA:750,3
DA:751,3
DA:752,3
DA:754,3
DA:756,3
DA:757,2
DA:758,1
DA:760,1
DA:764,1
DA:765,1
DA:766,1
DA:773,2
DA:774,1
DA:776,1
DA:777,1
DA:778,1
DA:785,1
DA:798,1
DA:799,1
DA:801,1
DA:802,1
DA:808,1
DA:809,1
DA:824,1
DA:825,3
DA:826,3
DA:828,3
DA:831,3
DA:832,2
DA:833,1
DA:834,1
DA:840,1
DA:841,1
DA:842,1
DA:843,1
DA:849,1
DA:852,1
DA:854,1
DA:856,1
DA:869,1
DA:870,1
DA:872,1
DA:875,1
DA:877,1
DA:883,1
DA:886,1
DA:888,1
DA:903,1
DA:904,1
DA:907,1
DA:908,1
DA:909,1
DA:911,1
DA:925,1
DA:926,2
DA:928,2
DA:929,2
DA:930,2
DA:932,2
DA:933,0
DA:936,2
DA:937,1
DA:938,1
DA:941,1
DA:947,1
DA:948,1
DA:949,1
DA:950,1
DA:955,1
DA:956,1
DA:969,1
DA:970,2
DA:971,2
DA:974,2
DA:975,0
DA:978,2
DA:980,1
LF:329
LH:292
BRDA:99,1,0,1
BRDA:99,1,1,0
BRDA:100,2,0,1
BRDA:100,2,1,0
BRDA:101,3,0,1
BRDA:101,3,1,0
BRDA:102,4,0,1
BRDA:102,4,1,0
BRDA:125,5,0,0
BRDA:125,5,1,1
BRDA:126,6,0,0
BRDA:126,6,1,1
BRDA:128,7,0,0
BRDA:128,7,1,1
BRDA:129,8,0,0
BRDA:129,8,1,1
BRDA:214,9,0,1
BRDA:214,9,1,0
BRDA:256,10,0,0
BRDA:256,10,1,21
BRDA:272,11,0,8
BRDA:272,11,1,12
BRDA:272,12,0,20
BRDA:272,12,1,20
BRDA:272,12,2,20
BRDA:274,13,0,3
BRDA:274,13,1,9
BRDA:274,14,0,12
BRDA:274,14,1,12
BRDA:274,14,2,12
BRDA:277,15,0,3
BRDA:277,15,1,6
BRDA:277,16,0,9
BRDA:277,16,1,9
BRDA:277,16,2,9
BRDA:280,17,0,1
BRDA:280,17,1,5
BRDA:280,18,0,6
BRDA:280,18,1,6
BRDA:280,18,2,6
BRDA:283,19,0,2
BRDA:283,19,1,3
BRDA:283,20,0,5
BRDA:283,20,1,5
BRDA:283,20,2,5
BRDA:286,21,0,3
BRDA:286,21,1,0
BRDA:286,22,0,3
BRDA:286,22,1,3
BRDA:286,22,2,3
BRDA:299,23,0,0
BRDA:299,23,1,1
BRDA:305,24,0,0
BRDA:305,24,1,1
BRDA:305,25,0,1
BRDA:305,25,1,0
BRDA:319,26,0,0
BRDA:319,26,1,0
BRDA:339,27,0,0
BRDA:339,27,1,3
BRDA:370,28,0,1
BRDA:370,28,1,0
BRDA:370,29,0,1
BRDA:370,29,1,1
BRDA:370,29,2,1
BRDA:398,30,0,0
BRDA:398,30,1,2
BRDA:401,31,0,2
BRDA:401,31,1,0
BRDA:402,32,0,1
BRDA:402,32,1,1
BRDA:404,33,0,1
BRDA:404,33,1,0
BRDA:428,34,0,1
BRDA:428,34,1,0
BRDA:428,35,0,1
BRDA:428,35,1,1
BRDA:428,35,2,1
BRDA:448,36,0,0
BRDA:448,36,1,0
BRDA:448,37,0,0
BRDA:448,37,1,0
BRDA:471,38,0,0
BRDA:471,38,1,0
BRDA:488,39,0,0
BRDA:488,39,1,3
BRDA:504,40,0,8
BRDA:504,40,1,0
BRDA:508,41,0,2
BRDA:508,41,1,6
BRDA:509,42,0,1
BRDA:509,42,1,1
BRDA:515,43,0,1
BRDA:515,43,1,0
BRDA:520,44,0,1
BRDA:520,44,1,5
BRDA:523,45,0,1
BRDA:523,45,1,4
BRDA:526,46,0,1
BRDA:526,46,1,3
BRDA:529,47,0,2
BRDA:529,47,1,1
BRDA:531,48,0,1
BRDA:531,48,1,1
BRDA:539,49,0,1
BRDA:539,49,1,0
BRDA:548,50,0,1
BRDA:548,50,1,0
BRDA:567,51,0,1
BRDA:567,51,1,0
BRDA:597,52,0,1
BRDA:597,52,1,0
BRDA:597,52,2,0
BRDA:645,53,0,1
BRDA:645,53,1,0
BRDA:674,54,0,1
BRDA:674,54,1,0
BRDA:707,55,0,3
BRDA:707,55,1,0
BRDA:713,56,0,2
BRDA:713,56,1,1
BRDA:714,57,0,1
BRDA:714,57,1,1
BRDA:723,58,0,1
BRDA:723,58,1,0
BRDA:733,59,0,1
BRDA:733,59,1,0
BRDA:750,60,0,3
BRDA:750,60,1,0
BRDA:756,61,0,2
BRDA:756,61,1,1
BRDA:757,62,0,1
BRDA:757,62,1,1
BRDA:764,63,0,1
BRDA:764,63,1,0
BRDA:774,64,0,1
BRDA:774,64,1,0
BRDA:776,65,0,1
BRDA:776,65,1,0
BRDA:800,66,0,1
BRDA:800,66,1,0
BRDA:825,67,0,3
BRDA:825,67,1,0
BRDA:831,68,0,2
BRDA:831,68,1,1
BRDA:832,69,0,1
BRDA:832,69,1,1
BRDA:841,70,0,1
BRDA:841,70,1,0
BRDA:854,71,0,1
BRDA:854,71,1,0
BRDA:871,72,0,1
BRDA:871,72,1,0
BRDA:907,73,0,1
BRDA:907,73,1,0
BRDA:907,74,0,1
BRDA:907,74,1,1
BRDA:908,75,0,1
BRDA:908,75,1,0
BRDA:928,76,0,2
BRDA:928,76,1,0
BRDA:929,77,0,2
BRDA:929,77,1,0
BRDA:932,78,0,0
BRDA:932,78,1,2
BRDA:932,79,0,2
BRDA:932,79,1,0
BRDA:936,80,0,1
BRDA:936,80,1,1
BRDA:936,81,0,2
BRDA:936,81,1,1
BRDA:937,82,0,1
BRDA:937,82,1,0
BRDA:947,83,0,1
BRDA:947,83,1,0
BRDA:947,84,0,1
BRDA:947,84,1,1
BRDA:949,85,0,1
BRDA:949,85,1,0
BRDA:974,86,0,0
BRDA:974,86,1,2
BRF:181
BRH:121
end_of_record
TN:
SF:D:\OCS\launchpad-cr\app\cms\api\cms-event-emitter.service.ts
FN:15,(anonymous_4)
FN:15,CmsEventEmitterService
FN:25,(anonymous_6)
FNF:3
FNH:2
FNDA:1,(anonymous_4)
FNDA:0,CmsEventEmitterService
FNDA:60,(anonymous_6)
DA:11,1
DA:15,2
DA:17,1
DA:25,1
DA:26,60
DA:27,6
DA:30,60
DA:32,1
LF:8
LH:8
BRDA:26,1,0,6
BRDA:26,1,1,54
BRF:2
BRH:2
end_of_record
TN:
SF:D:\OCS\launchpad-cr\app\cms\api\cms-events.enum.ts
FN:6,(anonymous_3)
FNF:1
FNH:1
FNDA:1,(anonymous_3)
DA:6,2
DA:7,1
DA:8,1
DA:9,1
DA:10,1
DA:11,1
DA:12,1
LF:7
LH:7
BRDA:6,1,0,1
BRDA:6,1,1,1
BRF:2
BRH:2
end_of_record
TN:
SF:D:\OCS\launchpad-cr\app\cms\api\cms-storagemanager.service.ts
FN:12,(anonymous_5)
FN:15,StorageManager
FN:34,(anonymous_7)
FN:44,(anonymous_8)
FN:54,(anonymous_9)
FN:63,(anonymous_10)
FNF:6
FNH:6
FNDA:1,(anonymous_5)
FNDA:225,StorageManager
FNDA:81,(anonymous_7)
FNDA:166,(anonymous_8)
FNDA:13,(anonymous_9)
FNDA:32,(anonymous_10)
DA:9,1
DA:12,1
DA:15,1
DA:24,225
DA:34,1
DA:35,81
DA:44,1
DA:45,166
DA:54,1
DA:55,13
DA:63,1
DA:64,32
DA:66,1
LF:13
LH:13
BRF:0
BRH:0
end_of_record
TN:
SF:D:\OCS\launchpad-cr\app\cms\api\display-type.enum.ts
FN:4,(anonymous_3)
FNF:1
FNH:1
FNDA:1,(anonymous_3)
DA:4,2
DA:5,1
DA:6,1
DA:7,1
LF:4
LH:4
BRDA:4,1,0,1
BRDA:4,1,1,1
BRF:2
BRH:2
end_of_record
TN:
SF:D:\OCS\launchpad-cr\app\cms\cms-model.module.ts
FN:26,(anonymous_4)
FN:26,CmsModelModule
FNF:2
FNH:2
FNDA:1,(anonymous_4)
FNDA:1,CmsModelModule
DA:6,1
DA:8,1
DA:9,1
DA:10,1
DA:11,1
DA:12,1
DA:26,2
LF:7
LH:7
BRF:0
BRH:0
end_of_record
TN:
SF:D:\OCS\launchpad-cr\app\cms\models\api-response.model.ts
FN:9,(anonymous_3)
FN:14,APIResponse
FN:25,(anonymous_5)
FN:34,(anonymous_6)
FN:43,(anonymous_7)
FN:51,(anonymous_8)
FN:59,(anonymous_9)
FNF:7
FNH:7
FNDA:1,(anonymous_3)
FNDA:4,APIResponse
FNDA:1,(anonymous_5)
FNDA:1,(anonymous_6)
FNDA:1,(anonymous_7)
FNDA:1,(anonymous_8)
FNDA:1,(anonymous_9)
DA:9,1
DA:14,1
DA:15,4
DA:16,4
DA:17,4
DA:25,1
DA:26,1
DA:34,1
DA:35,1
DA:43,1
DA:44,1
DA:51,1
DA:52,1
DA:59,1
DA:60,1
DA:62,1
LF:16
LH:16
BRF:0
BRH:0
end_of_record
TN:
SF:D:\OCS\launchpad-cr\app\cms\models\cms-constants.ts
FN:10,(anonymous_3)
FNF:1
FNH:1
FNDA:1,(anonymous_3)
DA:10,1
DA:11,1
DA:12,1
DA:13,1
DA:14,1
DA:15,1
DA:20,1
DA:21,1
DA:25,1
DA:26,1
DA:27,1
DA:28,1
DA:29,1
DA:30,1
DA:31,1
DA:32,1
DA:33,1
DA:34,1
DA:35,1
DA:36,1
DA:37,1
DA:38,1
DA:39,1
DA:41,1
DA:42,1
LF:25
LH:25
BRF:0
BRH:0
end_of_record
TN:
SF:D:\OCS\launchpad-cr\app\cms\models\cms-display.ts
FN:16,(anonymous_8)
FN:36,Display
FN:45,(anonymous_10)
FN:48,(anonymous_11)
FN:28,(anonymous_12)
FN:32,(anonymous_13)
FNF:6
FNH:6
FNDA:1,(anonymous_8)
FNDA:15,Display
FNDA:16,(anonymous_10)
FNDA:13,(anonymous_11)
FNDA:3,(anonymous_12)
FNDA:3,(anonymous_13)
DA:12,1
DA:13,1
DA:14,1
DA:16,1
DA:28,1
DA:29,3
DA:32,1
DA:33,3
DA:36,16
DA:37,15
DA:38,15
DA:39,15
DA:40,15
DA:41,15
DA:42,15
DA:43,15
DA:44,15
DA:45,16
DA:47,15
DA:48,13
DA:50,15
DA:53,1
LF:22
LH:22
BRDA:38,1,0,15
BRDA:38,1,1,0
BRDA:40,2,0,15
BRDA:40,2,1,15
BRDA:44,3,0,13
BRDA:44,3,1,2
BRDA:47,4,0,13
BRDA:47,4,1,2
BRF:8
BRH:7
end_of_record
TN:
SF:D:\OCS\launchpad-cr\app\cms\models\cms-event.ts
FNF:0
FNH:0
LF:0
LH:0
BRF:0
BRH:0
end_of_record
TN:
SF:D:\OCS\launchpad-cr\app\cms\models\cms-resource.ts
FN:12,(anonymous_3)
FN:20,CmsResource
FNF:2
FNH:2
FNDA:1,(anonymous_3)
FNDA:48,CmsResource
DA:12,1
DA:17,48
DA:18,48
DA:20,1
DA:21,48
DA:22,48
DA:24,48
DA:25,48
DA:26,48
DA:27,48
DA:28,48
DA:29,48
DA:32,1
LF:13
LH:13
BRDA:21,1,0,48
BRDA:21,1,1,0
BRF:2
BRH:1
end_of_record
TN:
SF:D:\OCS\launchpad-cr\app\cms\models\cms-session-storage-item.ts
FN:6,(anonymous_3)
FNF:1
FNH:1
FNDA:1,(anonymous_3)
DA:6,1
DA:7,1
DA:8,1
DA:9,1
DA:10,1
DA:11,1
DA:12,1
DA:13,1
DA:14,1
DA:15,1
DA:16,1
DA:17,1
LF:12
LH:12
BRF:0
BRH:0
end_of_record
TN:
SF:D:\OCS\launchpad-cr\app\cms\models\cms-size.ts
FNF:0
FNH:0
LF:0
LH:0
BRF:0
BRH:0
end_of_record
TN:
SF:D:\OCS\launchpad-cr\app\cms\models\cms-source.ts
FN:16,(anonymous_8)
FN:26,Source
FNF:2
FNH:2
FNDA:1,(anonymous_8)
FNDA:21,Source
DA:14,1
DA:16,1
DA:26,22
DA:27,21
DA:28,21
DA:29,21
DA:30,21
DA:31,21
DA:32,21
DA:33,21
DA:34,21
DA:35,21
DA:36,21
DA:37,21
DA:40,1
LF:15
LH:15
BRDA:28,1,0,21
BRDA:28,1,1,0
BRDA:30,2,0,21
BRDA:30,2,1,21
BRF:4
BRH:3
end_of_record
TN:
SF:D:\OCS\launchpad-cr\app\cms\models\cms-tile-content.ts
FN:14,(anonymous_8)
FN:19,TileContent
FNF:2
FNH:2
FNDA:1,(anonymous_8)
FNDA:17,TileContent
DA:11,1
DA:12,1
DA:14,1
DA:19,18
DA:20,17
DA:21,17
DA:22,17
DA:23,17
DA:24,17
DA:25,17
DA:26,17
DA:27,4
DA:28,2
DA:30,2
DA:35,1
LF:15
LH:15
BRDA:21,1,0,17
BRDA:21,1,1,0
BRDA:23,2,0,17
BRDA:23,2,1,0
BRDA:26,3,0,4
BRDA:26,3,1,13
BRDA:27,4,0,2
BRDA:27,4,1,2
BRF:8
BRH:6
end_of_record
TN:
SF:D:\OCS\launchpad-cr\app\cms\models\cms-tile-preset.ts
FNF:0
FNH:0
LF:0
LH:0
BRF:0
BRH:0
end_of_record
TN:
SF:D:\OCS\launchpad-cr\app\cms\models\cms-tile.ts
FN:12,(anonymous_3)
FN:33,Tile
FN:21,(anonymous_5)
FN:17,(anonymous_6)
FN:29,(anonymous_7)
FN:25,(anonymous_8)
FNF:6
FNH:6
FNDA:1,(anonymous_3)
FNDA:48,Tile
FNDA:8,(anonymous_5)
FNDA:1,(anonymous_6)
FNDA:8,(anonymous_7)
FNDA:1,(anonymous_8)
DA:12,1
DA:17,1
DA:18,1
DA:22,8
DA:25,1
DA:26,1
DA:30,8
DA:33,1
DA:34,48
DA:35,48
DA:36,47
DA:37,47
DA:38,47
DA:39,47
DA:40,47
DA:43,1
LF:16
LH:16
BRDA:35,1,0,47
BRDA:35,1,1,1
BRDA:39,2,0,29
BRDA:39,2,1,18
BRDA:40,3,0,29
BRDA:40,3,1,18
BRF:6
BRH:6
end_of_record
TN:
SF:D:\OCS\launchpad-cr\app\cms\models\cms-user-profile-settings.ts
FNF:0
FNH:0
LF:0
LH:0
BRF:0
BRH:0
end_of_record
TN:
SF:D:\OCS\launchpad-cr\app\cms\models\cms-user-token.ts
FNF:0
FNH:0
LF:0
LH:0
BRF:0
BRH:0
end_of_record
TN:
SF:D:\OCS\launchpad-cr\app\cms\models\cms-user.model.ts
FN:21,(anonymous_3)
FN:26,User
FN:36,(anonymous_5)
FN:45,(anonymous_6)
FN:54,(anonymous_7)
FN:63,(anonymous_8)
FN:73,(anonymous_9)
FN:85,(anonymous_10)
FNF:8
FNH:8
FNDA:1,(anonymous_3)
FNDA:15,User
FNDA:1,(anonymous_5)
FNDA:3,(anonymous_6)
FNDA:1,(anonymous_7)
FNDA:1,(anonymous_8)
FNDA:2,(anonymous_9)
FNDA:2,(anonymous_10)
DA:21,1
DA:26,1
DA:27,15
DA:28,15
DA:36,1
DA:37,1
DA:46,3
DA:54,1
DA:55,1
DA:63,1
DA:64,1
DA:73,1
DA:74,2
DA:85,1
DA:86,2
DA:92,1
LF:16
LH:16
BRF:0
BRH:0
end_of_record
TN:
SF:D:\OCS\launchpad-cr\app\config.ts
FN:11,(anonymous_5)
FN:22,AppConfig
FN:35,(anonymous_7)
FN:44,(anonymous_8)
FN:53,(anonymous_9)
FN:62,(anonymous_10)
FN:72,(anonymous_11)
FN:87,(anonymous_12)
FN:102,(anonymous_13)
FNF:9
FNH:9
FNDA:1,(anonymous_5)
FNDA:208,AppConfig
FNDA:87,(anonymous_7)
FNDA:1,(anonymous_8)
FNDA:38,(anonymous_9)
FNDA:8,(anonymous_10)
FNDA:107,(anonymous_11)
FNDA:2,(anonymous_12)
FNDA:5,(anonymous_13)
DA:7,1
DA:8,1
DA:11,1
DA:22,1
DA:23,208
DA:24,208
DA:25,208
DA:26,208
DA:27,208
DA:35,1
DA:36,87
DA:44,1
DA:45,1
DA:53,1
DA:54,38
DA:62,1
DA:63,8
DA:72,223
DA:73,107
DA:74,107
DA:75,107
DA:76,106
DA:77,106
DA:87,3
DA:88,2
DA:89,2
DA:90,2
DA:91,1
DA:92,1
DA:102,10
DA:103,5
DA:104,5
DA:105,5
DA:106,4
DA:107,4
DA:110,1
LF:36
LH:36
BRDA:75,1,0,106
BRDA:75,1,1,1
BRDA:75,2,0,107
BRDA:75,2,1,107
BRDA:90,3,0,1
BRDA:90,3,1,1
BRDA:90,4,0,2
BRDA:90,4,1,2
BRDA:105,5,0,4
BRDA:105,5,1,1
BRDA:105,6,0,5
BRDA:105,6,1,5
BRF:12
BRH:12
end_of_record
TN:
SF:D:\OCS\launchpad-cr\app\core\type\base\ICollection.ts
FNF:0
FNH:0
LF:0
LH:0
BRF:0
BRH:0
end_of_record
TN:
SF:D:\OCS\launchpad-cr\app\core\type\base\KeyValuePair.ts
FN:6,(anonymous_3)
FNF:1
FNH:0
FNDA:0,(anonymous_3)
DA:6,1
DA:9,0
LF:2
LH:1
BRF:0
BRH:0
end_of_record
TN:
SF:D:\OCS\launchpad-cr\app\core\type\extended\GenericCollection.ts
FN:11,(anonymous_3)
FN:18,GenericCollection
FN:27,(anonymous_5)
FN:37,(anonymous_6)
FN:48,(anonymous_7)
FNF:5
FNH:5
FNDA:1,(anonymous_3)
FNDA:6,GenericCollection
FNDA:6,(anonymous_5)
FNDA:6,(anonymous_6)
FNDA:4,(anonymous_7)
DA:11,1
DA:16,6
DA:18,1
DA:19,6
DA:27,1
DA:28,6
DA:37,1
DA:38,6
DA:39,6
DA:48,1
DA:49,4
DA:51,1
LF:12
LH:12
BRF:0
BRH:0
end_of_record
TN:
SF:D:\OCS\launchpad-cr\app\core\util\Const.ts
FN:8,(anonymous_3)
FNF:1
FNH:1
FNDA:1,(anonymous_3)
DA:8,1
DA:9,1
DA:10,1
LF:3
LH:3
BRF:0
BRH:0
end_of_record
TN:
SF:D:\OCS\launchpad-cr\app\core\util\RegEx.ts
FN:9,(anonymous_3)
FN:16,(anonymous_5)
FNF:2
FNH:2
FNDA:1,(anonymous_3)
FNDA:2,(anonymous_5)
DA:7,1
DA:9,2
DA:16,1
DA:17,2
DA:18,2
DA:21,2
DA:22,1
DA:25,2
DA:27,1
LF:9
LH:9
BRDA:21,1,0,1
BRDA:21,1,1,1
BRDA:21,2,0,2
BRDA:21,2,1,1
BRF:4
BRH:4
end_of_record
TN:
SF:D:\OCS\launchpad-cr\app\core\util\URL.ts
FN:12,(anonymous_3)
FN:18,(anonymous_5)
FN:30,(anonymous_6)
FNF:3
FNH:3
FNDA:1,(anonymous_3)
FNDA:13,(anonymous_5)
FNDA:6,(anonymous_6)
DA:9,1
DA:10,1
DA:12,2
DA:18,1
DA:19,13
DA:20,13
DA:22,13
DA:30,1
DA:31,6
DA:33,1
LF:10
LH:10
BRF:0
BRH:0
end_of_record
TN:
SF:D:\OCS\launchpad-cr\app\core\util\Validation.ts
FN:8,(anonymous_3)
FN:14,(anonymous_5)
FN:23,(anonymous_6)
FN:32,(anonymous_7)
FNF:4
FNH:4
FNDA:1,(anonymous_3)
FNDA:119,(anonymous_5)
FNDA:100,(anonymous_6)
FNDA:97,(anonymous_7)
DA:6,1
DA:8,2
DA:14,1
DA:15,119
DA:23,1
DA:24,100
DA:32,1
DA:33,97
DA:35,1
LF:9
LH:9
BRDA:33,1,0,97
BRDA:33,1,1,82
BRF:2
BRH:2
end_of_record
TN:
SF:D:\OCS\launchpad-cr\app\deps.ts
FNF:0
FNH:0
DA:7,0
DA:8,0
DA:9,0
DA:10,0
DA:11,0
DA:13,0
DA:14,0
DA:15,0
DA:16,0
DA:17,0
DA:18,0
DA:19,0
DA:20,0
DA:21,0
DA:23,0
DA:24,0
DA:25,0
LF:17
LH:0
BRF:0
BRH:0
end_of_record
TN:
SF:D:\OCS\launchpad-cr\app\i18n\cms-languages.ts
FN:8,(anonymous_3)
FNF:1
FNH:1
FNDA:1,(anonymous_3)
DA:8,1
DA:9,1
DA:23,1
DA:25,1
DA:26,1
LF:5
LH:5
BRF:0
BRH:0
end_of_record
TN:
SF:D:\OCS\launchpad-cr\app\launchpad\about\cms-about-panel.component.ts
FN:21,(anonymous_5)
FN:34,CmsAboutPanelComponent
FN:40,(anonymous_7)
FN:49,(anonymous_8)
FN:52,(anonymous_9)
FN:61,(anonymous_10)
FN:66,(anonymous_11)
FN:78,(anonymous_12)
FN:91,(anonymous_13)
FN:100,(anonymous_14)
FN:101,(anonymous_15)
FNF:11
FNH:8
FNDA:1,(anonymous_5)
FNDA:7,CmsAboutPanelComponent
FNDA:2,(anonymous_7)
FNDA:2,(anonymous_8)
FNDA:2,(anonymous_9)
FNDA:0,(anonymous_10)
FNDA:1,(anonymous_11)
FNDA:0,(anonymous_12)
FNDA:0,(anonymous_13)
FNDA:1,(anonymous_14)
FNDA:1,(anonymous_15)
DA:8,1
DA:9,1
DA:10,1
DA:11,1
DA:12,1
DA:21,1
DA:22,7
DA:23,7
DA:34,1
DA:35,7
DA:36,7
DA:37,7
DA:40,1
DA:41,2
DA:49,2
DA:50,2
DA:53,2
DA:54,1
DA:55,1
DA:56,1
DA:57,1
DA:59,1
DA:60,1
DA:61,0
DA:62,0
DA:65,1
DA:67,1
DA:69,1
DA:76,2
DA:79,0
DA:80,0
DA:83,2
DA:91,1
DA:92,0
DA:100,1
DA:101,1
DA:102,1
DA:103,1
DA:106,1
LF:39
LH:34
BRDA:53,1,0,1
BRDA:53,1,1,1
BRDA:59,2,0,1
BRDA:59,2,1,0
BRDA:60,3,0,0
BRDA:60,3,1,1
BRF:6
BRH:4
end_of_record
TN:
SF:D:\OCS\launchpad-cr\app\launchpad\cms-launchpad.component.ts
FN:44,(anonymous_5)
FN:55,CmsLaunchpadComponent
FN:75,(anonymous_7)
FN:109,(anonymous_8)
FN:129,(anonymous_9)
FN:141,(anonymous_10)
FN:157,(anonymous_11)
FN:175,(anonymous_12)
FN:184,(anonymous_13)
FN:198,(anonymous_14)
FN:237,(anonymous_15)
FN:248,(anonymous_16)
FN:258,(anonymous_17)
FN:260,(anonymous_18)
FN:261,(anonymous_19)
FN:262,(anonymous_20)
FN:270,(anonymous_21)
FN:276,(anonymous_22)
FN:286,(anonymous_23)
FN:328,(anonymous_24)
FN:354,(anonymous_25)
FN:367,(anonymous_26)
FN:372,(anonymous_27)
FN:383,(anonymous_28)
FNF:24
FNH:24
FNDA:1,(anonymous_5)
FNDA:28,CmsLaunchpadComponent
FNDA:11,(anonymous_7)
FNDA:6,(anonymous_8)
FNDA:28,(anonymous_9)
FNDA:17,(anonymous_10)
FNDA:2,(anonymous_11)
FNDA:10,(anonymous_12)
FNDA:1,(anonymous_13)
FNDA:8,(anonymous_14)
FNDA:1,(anonymous_15)
FNDA:11,(anonymous_16)
FNDA:11,(anonymous_17)
FNDA:2,(anonymous_18)
FNDA:6,(anonymous_19)
FNDA:2,(anonymous_20)
FNDA:10,(anonymous_21)
FNDA:10,(anonymous_22)
FNDA:10,(anonymous_23)
FNDA:4,(anonymous_24)
FNDA:1,(anonymous_25)
FNDA:4,(anonymous_26)
FNDA:4,(anonymous_27)
FNDA:5,(anonymous_28)
DA:12,1
DA:13,1
DA:14,1
DA:15,1
DA:16,1
DA:18,1
DA:19,1
DA:20,1
DA:21,1
DA:22,1
DA:24,1
DA:25,1
DA:26,1
DA:27,1
DA:28,1
DA:31,1
DA:32,1
DA:33,1
DA:34,1
DA:35,1
DA:44,1
DA:55,1
DA:56,28
DA:57,28
DA:58,28
DA:59,28
DA:60,28
DA:61,28
DA:62,28
DA:63,28
DA:64,28
DA:65,28
DA:66,28
DA:69,28
DA:75,11
DA:76,11
DA:79,11
DA:82,11
DA:85,11
DA:86,11
DA:87,4
DA:88,4
DA:91,4
DA:92,4
DA:93,3
DA:95,1
DA:99,4
DA:102,4
DA:106,11
DA:108,11
DA:110,6
DA:114,6
DA:115,6
DA:116,5
DA:118,5
DA:119,1
DA:121,4
DA:124,1
DA:129,1
DA:131,28
DA:132,10
DA:141,1
DA:142,17
DA:143,17
DA:144,1
DA:146,1
DA:149,16
DA:157,1
DA:158,2
DA:160,2
DA:162,1
DA:163,1
DA:164,1
DA:166,0
DA:175,1
DA:176,10
DA:178,10
DA:181,10
DA:184,10
DA:186,1
DA:187,1
DA:198,1
DA:203,8
DA:214,8
DA:222,6
DA:225,8
DA:226,2
DA:227,2
DA:237,1
DA:238,1
DA:239,1
DA:248,1
DA:249,11
DA:250,11
DA:258,11
DA:259,11
DA:260,11
DA:261,11
DA:262,11
DA:270,10
DA:271,10
DA:272,10
DA:273,5
DA:274,5
DA:276,10
DA:277,10
DA:286,1
DA:287,10
DA:288,10
DA:289,10
DA:290,10
DA:293,10
DA:294,3
DA:297,3
DA:299,3
DA:300,3
DA:302,1
DA:303,1
DA:305,2
DA:306,2
DA:307,2
DA:308,2
DA:310,1
DA:311,1
DA:314,1
DA:315,1
DA:328,1
DA:329,4
DA:332,4
DA:337,4
DA:340,4
DA:341,1
DA:344,3
DA:354,1
DA:355,1
DA:356,1
DA:367,4
DA:368,4
DA:369,4
DA:372,4
DA:373,4
DA:383,1
DA:384,5
DA:387,1
LF:144
LH:143
BRDA:86,1,0,4
BRDA:86,1,1,7
BRDA:86,2,0,11
BRDA:86,2,1,4
BRDA:92,3,0,3
BRDA:92,3,1,1
BRDA:115,4,0,5
BRDA:115,4,1,1
BRDA:115,5,0,6
BRDA:115,5,1,5
BRDA:118,6,0,1
BRDA:118,6,1,4
BRDA:131,7,0,10
BRDA:131,7,1,18
BRDA:143,8,0,1
BRDA:143,8,1,16
BRDA:160,9,0,1
BRDA:160,9,1,1
BRDA:164,10,0,0
BRDA:164,10,1,1
BRDA:186,11,0,1
BRDA:186,11,1,0
BRDA:214,12,0,6
BRDA:214,12,1,2
BRDA:214,13,0,8
BRDA:214,13,1,8
BRDA:214,13,2,7
BRDA:214,13,3,6
BRDA:214,13,4,5
BRDA:214,13,5,4
BRDA:214,13,6,3
BRDA:225,14,0,2
BRDA:225,14,1,6
BRDA:225,15,0,8
BRDA:225,15,1,7
BRDA:225,15,2,7
BRDA:238,16,0,1
BRDA:238,16,1,0
BRDA:272,17,0,5
BRDA:272,17,1,5
BRDA:293,18,0,3
BRDA:293,18,1,7
BRDA:293,19,0,10
BRDA:293,19,1,4
BRDA:297,20,0,3
BRDA:297,20,1,0
BRDA:300,21,0,1
BRDA:300,21,1,2
BRDA:308,22,0,1
BRDA:308,22,1,1
BRDA:329,23,0,4
BRDA:329,23,1,3
BRDA:329,23,2,3
BRDA:332,24,0,4
BRDA:332,24,1,3
BRDA:332,24,2,3
BRDA:332,24,3,3
BRDA:332,24,4,3
BRDA:340,25,0,1
BRDA:340,25,1,3
BRF:60
BRH:56
end_of_record
TN:
SF:D:\OCS\launchpad-cr\app\launchpad\cms-launchpad.module.ts
FN:74,(anonymous_4)
FN:74,CmsLaunchapadModule
FN:45,(anonymous_6)
FNF:3
FNH:2
FNDA:1,(anonymous_4)
FNDA:1,CmsLaunchapadModule
FNDA:0,(anonymous_6)
DA:6,1
DA:7,1
DA:8,1
DA:9,1
DA:10,1
DA:11,1
DA:12,1
DA:13,1
DA:15,1
DA:16,1
DA:17,1
DA:18,1
DA:19,1
DA:20,1
DA:21,1
DA:22,1
DA:23,1
DA:24,1
DA:25,1
DA:26,1
DA:27,1
DA:28,1
DA:45,0
DA:74,2
DA:75,1
LF:25
LH:24
BRF:0
BRH:0
end_of_record
TN:
SF:D:\OCS\launchpad-cr\app\launchpad\cms-launchpad.routing.ts
FNF:0
FNH:0
DA:5,1
DA:6,1
DA:7,1
DA:8,1
DA:9,1
DA:10,1
DA:11,1
DA:12,1
DA:13,1
DA:14,1
DA:16,1
DA:30,1
LF:12
LH:12
BRF:0
BRH:0
end_of_record
TN:
SF:D:\OCS\launchpad-cr\app\launchpad\display-panel\cms-display-panel.component.ts
FN:24,(anonymous_5)
FN:37,CmsDisplayPanelComponent
FN:47,(anonymous_7)
FN:48,(anonymous_8)
FN:61,(anonymous_9)
FN:77,(anonymous_10)
FN:87,(anonymous_11)
FNF:7
FNH:7
FNDA:1,(anonymous_5)
FNDA:7,CmsDisplayPanelComponent
FNDA:3,(anonymous_7)
FNDA:2,(anonymous_8)
FNDA:3,(anonymous_9)
FNDA:2,(anonymous_10)
FNDA:1,(anonymous_11)
DA:9,1
DA:10,1
DA:12,1
DA:13,1
DA:14,1
DA:15,1
DA:16,1
DA:17,1
DA:24,1
DA:37,1
DA:38,7
DA:39,7
DA:40,7
DA:41,7
DA:42,7
DA:43,7
DA:44,7
DA:47,3
DA:48,3
DA:49,2
DA:51,3
DA:52,2
DA:61,1
DA:62,3
DA:64,3
DA:65,2
DA:66,2
DA:68,1
DA:77,1
DA:78,2
DA:79,2
DA:87,1
DA:88,1
DA:90,1
LF:34
LH:34
BRDA:51,1,0,2
BRDA:51,1,1,1
BRDA:64,2,0,2
BRDA:64,2,1,1
BRF:4
BRH:4
end_of_record
TN:
SF:D:\OCS\launchpad-cr\app\launchpad\displays-panel\cms-displays-panel.component.ts
FN:28,(anonymous_5)
FN:37,CmsDisplaysPanelComponent
FN:47,(anonymous_7)
FN:48,(anonymous_8)
FN:53,(anonymous_9)
FN:62,(anonymous_10)
FN:64,(anonymous_11)
FN:75,(anonymous_12)
FN:85,(anonymous_13)
FN:94,(anonymous_14)
FN:97,(anonymous_15)
FN:107,(anonymous_16)
FN:117,(anonymous_17)
FNF:13
FNH:13
FNDA:1,(anonymous_5)
FNDA:8,CmsDisplaysPanelComponent
FNDA:7,(anonymous_7)
FNDA:7,(anonymous_8)
FNDA:7,(anonymous_9)
FNDA:1,(anonymous_10)
FNDA:1,(anonymous_11)
FNDA:1,(anonymous_12)
FNDA:1,(anonymous_13)
FNDA:1,(anonymous_14)
FNDA:1,(anonymous_15)
FNDA:1,(anonymous_16)
FNDA:1,(anonymous_17)
DA:12,1
DA:13,1
DA:14,1
DA:16,1
DA:17,1
DA:18,1
DA:19,1
DA:20,1
DA:28,1
DA:32,8
DA:34,8
DA:35,8
DA:37,1
DA:38,8
DA:39,8
DA:40,8
DA:41,8
DA:42,8
DA:43,8
DA:44,8
DA:47,1
DA:48,7
DA:49,7
DA:53,7
DA:54,7
DA:60,7
DA:61,7
DA:62,1
DA:65,1
DA:66,1
DA:75,1
DA:76,1
DA:77,1
DA:85,1
DA:86,1
DA:94,1
DA:95,1
DA:96,1
DA:97,1
DA:98,1
DA:107,1
DA:108,1
DA:117,1
DA:118,1
DA:119,1
DA:120,1
DA:121,1
DA:122,1
DA:123,1
DA:127,1
LF:50
LH:50
BRDA:43,1,0,8
BRDA:43,1,1,8
BRDA:120,2,0,1
BRDA:120,2,1,0
BRDA:122,3,0,1
BRDA:122,3,1,0
BRF:6
BRH:4
end_of_record
TN:
SF:D:\OCS\launchpad-cr\app\launchpad\home\cms-home-panel.component.ts
FN:28,(anonymous_5)
FN:35,CmsHomePanelComponent
FN:43,(anonymous_7)
FN:44,(anonymous_8)
FN:56,(anonymous_9)
FN:65,(anonymous_10)
FN:76,(anonymous_11)
FN:87,(anonymous_12)
FN:96,(anonymous_13)
FN:105,(anonymous_14)
FN:118,(anonymous_15)
FN:121,(anonymous_16)
FN:125,(anonymous_17)
FN:129,(anonymous_18)
FN:139,(anonymous_19)
FN:149,(anonymous_20)
FN:158,(anonymous_21)
FN:167,(anonymous_22)
FN:170,(anonymous_23)
FN:177,(anonymous_24)
FNF:20
FNH:19
FNDA:1,(anonymous_5)
FNDA:15,CmsHomePanelComponent
FNDA:16,(anonymous_7)
FNDA:16,(anonymous_8)
FNDA:1,(anonymous_9)
FNDA:1,(anonymous_10)
FNDA:1,(anonymous_11)
FNDA:1,(anonymous_12)
FNDA:1,(anonymous_13)
FNDA:2,(anonymous_14)
FNDA:2,(anonymous_15)
FNDA:2,(anonymous_16)
FNDA:1,(anonymous_17)
FNDA:1,(anonymous_18)
FNDA:1,(anonymous_19)
FNDA:4,(anonymous_20)
FNDA:1,(anonymous_21)
FNDA:16,(anonymous_22)
FNDA:16,(anonymous_23)
FNDA:0,(anonymous_24)
DA:11,1
DA:12,1
DA:13,1
DA:16,1
DA:18,1
DA:19,1
DA:20,1
DA:28,1
DA:29,15
DA:32,15
DA:33,15
DA:35,1
DA:36,15
DA:37,15
DA:38,15
DA:39,15
DA:40,15
DA:41,15
DA:43,16
DA:44,16
DA:45,16
DA:47,16
DA:56,1
DA:57,1
DA:65,1
DA:66,1
DA:67,1
DA:76,1
DA:77,1
DA:78,1
DA:87,1
DA:88,1
DA:96,1
DA:97,1
DA:105,1
DA:106,2
DA:107,1
DA:109,1
DA:118,2
DA:119,2
DA:122,2
DA:126,1
DA:127,1
DA:130,1
DA:139,1
DA:140,1
DA:141,1
DA:149,1
DA:150,4
DA:158,1
DA:159,1
DA:167,16
DA:168,16
DA:169,16
DA:171,16
DA:172,15
DA:173,15
DA:174,15
DA:178,0
DA:181,1
LF:60
LH:59
BRDA:66,1,0,1
BRDA:66,1,1,0
BRDA:77,2,0,1
BRDA:77,2,1,0
BRDA:106,3,0,1
BRDA:106,3,1,1
BRDA:171,4,0,15
BRDA:171,4,1,1
BRF:8
BRH:6
end_of_record
TN:
SF:D:\OCS\launchpad-cr\app\launchpad\login\cms-can-activate-via-authorization.service.ts
FN:13,(anonymous_5)
FN:14,CmsCanActivateViaAuthorizationService
FN:22,(anonymous_7)
FNF:3
FNH:3
FNDA:1,(anonymous_5)
FNDA:20,CmsCanActivateViaAuthorizationService
FNDA:17,(anonymous_7)
DA:6,1
DA:7,1
DA:8,1
DA:9,1
DA:13,1
DA:14,20
DA:22,1
DA:23,17
DA:24,17
DA:25,1
DA:28,16
DA:30,1
LF:12
LH:12
BRDA:24,1,0,1
BRDA:24,1,1,16
BRDA:24,2,0,17
BRDA:24,2,1,2
BRF:4
BRH:4
end_of_record
TN:
SF:D:\OCS\launchpad-cr\app\launchpad\login\cms-login.component.ts
FN:28,(anonymous_5)
FN:43,CmsLoginComponent
FN:51,(anonymous_7)
FN:59,(anonymous_8)
FN:70,(anonymous_9)
FN:80,(anonymous_10)
FN:89,(anonymous_11)
FN:100,(anonymous_12)
FN:112,(anonymous_13)
FN:114,(anonymous_14)
FN:128,(anonymous_15)
FN:136,(anonymous_16)
FN:149,(anonymous_17)
FN:151,(anonymous_18)
FN:164,(anonymous_19)
FN:193,(anonymous_20)
FNF:16
FNH:16
FNDA:1,(anonymous_5)
FNDA:29,CmsLoginComponent
FNDA:27,(anonymous_7)
FNDA:29,(anonymous_8)
FNDA:1,(anonymous_9)
FNDA:8,(anonymous_10)
FNDA:2,(anonymous_11)
FNDA:9,(anonymous_12)
FNDA:1,(anonymous_13)
FNDA:1,(anonymous_14)
FNDA:1,(anonymous_15)
FNDA:8,(anonymous_16)
FNDA:2,(anonymous_17)
FNDA:4,(anonymous_18)
FNDA:9,(anonymous_19)
FNDA:9,(anonymous_20)
DA:9,1
DA:10,1
DA:11,1
DA:13,1
DA:14,1
DA:15,1
DA:16,1
DA:17,1
DA:18,1
DA:19,1
DA:28,1
DA:30,29
DA:33,29
DA:35,29
DA:43,29
DA:44,29
DA:45,29
DA:46,29
DA:47,29
DA:48,29
DA:49,29
DA:51,1
DA:52,27
DA:53,27
DA:54,27
DA:55,27
DA:59,1
DA:61,29
DA:70,1
DA:71,1
DA:80,1
DA:81,8
DA:89,1
DA:90,2
DA:91,2
DA:100,9
DA:102,9
DA:103,9
DA:106,9
DA:107,9
DA:108,9
DA:110,9
DA:114,1
DA:117,1
DA:118,1
DA:119,1
DA:122,1
DA:125,1
DA:126,1
DA:127,1
DA:130,1
DA:131,1
DA:132,1
DA:133,1
DA:137,8
DA:138,8
DA:139,8
DA:140,8
DA:149,1
DA:150,2
DA:151,2
DA:152,4
DA:153,4
DA:164,9
DA:165,9
DA:173,9
DA:175,9
DA:177,9
DA:178,1
DA:179,8
DA:180,1
DA:181,7
DA:182,2
DA:183,5
DA:184,1
DA:185,4
DA:186,3
DA:188,1
DA:192,9
DA:193,9
DA:194,9
DA:198,1
LF:82
LH:82
BRDA:54,1,0,27
BRDA:54,1,1,0
BRDA:102,2,0,9
BRDA:102,2,1,0
BRDA:152,3,0,4
BRDA:152,3,1,0
BRDA:152,4,0,4
BRDA:152,4,1,2
BRDA:177,5,0,1
BRDA:177,5,1,8
BRDA:179,6,0,1
BRDA:179,6,1,7
BRDA:181,7,0,2
BRDA:181,7,1,5
BRDA:183,8,0,1
BRDA:183,8,1,4
BRDA:185,9,0,3
BRDA:185,9,1,1
BRDA:185,10,0,4
BRDA:185,10,1,2
BRDA:192,11,0,9
BRDA:192,11,1,0
BRF:22
BRH:18
end_of_record
TN:
SF:D:\OCS\launchpad-cr\app\launchpad\login\index.ts
FNF:0
FNH:0
DA:5,1
DA:6,1
LF:2
LH:2
BRF:0
BRH:0
end_of_record
TN:
SF:D:\OCS\launchpad-cr\app\launchpad\settings\cms-settings-panel.component.ts
FN:48,(anonymous_5)
FN:115,CmsSettingsPanelComponent
FN:124,(anonymous_7)
FN:126,(anonymous_8)
FN:140,(anonymous_9)
FN:143,(anonymous_10)
FN:156,(anonymous_11)
FN:174,(anonymous_12)
FN:180,(anonymous_13)
FN:216,(anonymous_14)
FN:224,(anonymous_15)
FN:247,(anonymous_16)
FN:259,(anonymous_17)
FN:267,(anonymous_18)
FN:284,(anonymous_19)
FN:295,(anonymous_20)
FN:309,(anonymous_21)
FN:318,(anonymous_22)
FN:332,(anonymous_23)
FN:343,(anonymous_24)
FN:354,(anonymous_25)
FN:368,(anonymous_26)
FN:379,(anonymous_27)
FN:390,(anonymous_28)
FN:406,(anonymous_29)
FN:422,(anonymous_30)
FN:434,(anonymous_31)
FN:454,(anonymous_32)
FN:465,(anonymous_33)
FN:476,(anonymous_34)
FN:478,(anonymous_35)
FN:489,(anonymous_36)
FN:508,(anonymous_37)
FN:516,(anonymous_38)
FN:529,(anonymous_39)
FN:539,(anonymous_40)
FNF:36
FNH:31
FNDA:1,(anonymous_5)
FNDA:41,CmsSettingsPanelComponent
FNDA:19,(anonymous_7)
FNDA:18,(anonymous_8)
FNDA:19,(anonymous_9)
FNDA:19,(anonymous_10)
FNDA:38,(anonymous_11)
FNDA:19,(anonymous_12)
FNDA:19,(anonymous_13)
FNDA:19,(anonymous_14)
FNDA:19,(anonymous_15)
FNDA:0,(anonymous_16)
FNDA:19,(anonymous_17)
FNDA:19,(anonymous_18)
FNDA:0,(anonymous_19)
FNDA:5,(anonymous_20)
FNDA:1,(anonymous_21)
FNDA:2,(anonymous_22)
FNDA:1,(anonymous_23)
FNDA:1,(anonymous_24)
FNDA:2,(anonymous_25)
FNDA:1,(anonymous_26)
FNDA:1,(anonymous_27)
FNDA:1,(anonymous_28)
FNDA:1,(anonymous_29)
FNDA:0,(anonymous_30)
FNDA:2,(anonymous_31)
FNDA:1,(anonymous_32)
FNDA:1,(anonymous_33)
FNDA:20,(anonymous_34)
FNDA:19,(anonymous_35)
FNDA:19,(anonymous_36)
FNDA:19,(anonymous_37)
FNDA:19,(anonymous_38)
FNDA:0,(anonymous_39)
FNDA:0,(anonymous_40)
DA:27,1
DA:28,1
DA:29,1
DA:32,1
DA:33,1
DA:36,1
DA:37,1
DA:38,1
DA:39,1
DA:48,1
DA:51,41
DA:82,41
DA:83,41
DA:86,41
DA:87,41
DA:90,41
DA:91,41
DA:94,41
DA:95,41
DA:98,41
DA:99,41
DA:110,41
DA:113,41
DA:115,1
DA:116,41
DA:117,41
DA:118,41
DA:119,41
DA:120,41
DA:121,41
DA:124,19
DA:125,19
DA:126,19
DA:128,0
DA:132,19
DA:140,19
DA:141,19
DA:144,19
DA:145,18
DA:156,1
DA:157,38
DA:174,19
DA:175,19
DA:178,19
DA:180,19
DA:181,19
DA:183,19
DA:184,19
DA:187,19
DA:190,19
DA:191,19
DA:195,19
DA:196,0
DA:200,19
DA:204,19
DA:205,19
DA:207,19
DA:216,19
DA:217,19
DA:218,19
DA:219,19
DA:220,19
DA:221,19
DA:222,19
DA:225,19
DA:227,19
DA:228,19
DA:229,0
DA:230,0
DA:234,19
DA:235,0
DA:238,0
DA:239,0
DA:241,19
DA:244,0
DA:248,0
DA:249,0
DA:259,19
DA:260,19
DA:261,19
DA:262,19
DA:263,19
DA:264,19
DA:265,19
DA:268,19
DA:270,19
DA:271,19
DA:272,0
DA:273,0
DA:277,19
DA:278,0
DA:280,19
DA:285,0
DA:295,1
DA:298,5
DA:299,5
DA:309,1
DA:310,1
DA:318,1
DA:319,2
DA:320,2
DA:322,2
DA:323,2
DA:332,1
DA:333,1
DA:334,1
DA:335,1
DA:343,1
DA:344,1
DA:345,1
DA:346,1
DA:354,1
DA:355,2
DA:356,2
DA:358,2
DA:359,2
DA:368,1
DA:369,1
DA:370,1
DA:371,1
DA:379,1
DA:380,1
DA:381,1
DA:382,1
DA:390,1
DA:391,1
DA:392,1
DA:393,1
DA:394,1
DA:395,1
DA:406,1
DA:407,1
DA:408,1
DA:409,1
DA:410,1
DA:411,1
DA:422,1
DA:423,0
DA:424,0
DA:425,0
DA:434,1
DA:435,2
DA:436,2
DA:437,2
DA:439,1
DA:440,1
DA:441,1
DA:444,1
DA:445,1
DA:454,1
DA:455,1
DA:456,1
DA:457,1
DA:465,1
DA:466,1
DA:467,1
DA:468,1
DA:476,20
DA:477,20
DA:478,19
DA:479,19
DA:489,1
DA:490,19
DA:493,9
DA:494,10
DA:496,10
DA:500,19
DA:508,19
DA:509,19
DA:510,19
DA:511,19
DA:512,19
DA:514,19
DA:517,19
DA:519,0
DA:521,19
DA:524,19
DA:525,0
DA:530,0
DA:539,1
DA:540,0
DA:542,1
LF:182
LH:161
BRDA:125,1,0,19
BRDA:125,1,1,0
BRDA:144,2,0,18
BRDA:144,2,1,1
BRDA:190,3,0,19
BRDA:190,3,1,0
BRDA:195,4,0,0
BRDA:195,4,1,19
BRDA:225,5,0,19
BRDA:225,5,1,0
BRDA:228,6,0,0
BRDA:228,6,1,19
BRDA:234,7,0,0
BRDA:234,7,1,19
BRDA:268,8,0,19
BRDA:268,8,1,0
BRDA:271,9,0,0
BRDA:271,9,1,19
BRDA:277,10,0,0
BRDA:277,10,1,19
BRDA:298,11,0,5
BRDA:298,11,1,0
BRDA:322,12,0,2
BRDA:322,12,1,0
BRDA:358,13,0,2
BRDA:358,13,1,0
BRDA:358,14,0,2
BRDA:358,14,1,0
BRDA:391,15,0,1
BRDA:391,15,1,0
BRDA:393,16,0,1
BRDA:393,16,1,0
BRDA:407,17,0,1
BRDA:407,17,1,0
BRDA:409,18,0,1
BRDA:409,18,1,0
BRDA:424,19,0,0
BRDA:424,19,1,0
BRDA:437,20,0,1
BRDA:437,20,1,1
BRDA:437,21,0,2
BRDA:437,21,1,1
BRDA:456,22,0,1
BRDA:456,22,1,1
BRDA:467,23,0,1
BRDA:467,23,1,1
BRDA:477,24,0,19
BRDA:477,24,1,1
BRDA:477,25,0,20
BRDA:477,25,1,1
BRDA:490,26,0,9
BRDA:490,26,1,10
BRDA:490,27,0,19
BRDA:490,27,1,19
BRDA:494,28,0,10
BRDA:494,28,1,0
BRDA:517,29,0,0
BRDA:517,29,1,19
BRDA:524,30,0,0
BRDA:524,30,1,19
BRF:60
BRH:38
end_of_record
TN:
SF:D:\OCS\launchpad-cr\app\launchpad\settings\cms-settings.service.ts
FN:22,(anonymous_5)
FN:26,CmsSettingsService
FN:39,(anonymous_7)
FN:56,(anonymous_8)
FN:58,(anonymous_9)
FN:67,(anonymous_10)
FN:79,(anonymous_11)
FN:102,(anonymous_12)
FN:117,(anonymous_13)
FN:128,(anonymous_14)
FN:132,(anonymous_15)
FN:139,(anonymous_16)
FN:151,(anonymous_17)
FN:164,(anonymous_18)
FN:167,(anonymous_19)
FN:179,(anonymous_20)
FN:205,(anonymous_21)
FN:226,(anonymous_22)
FN:244,(anonymous_23)
FN:249,(anonymous_24)
FN:284,(anonymous_25)
FN:295,(anonymous_26)
FN:304,(anonymous_27)
FN:333,(anonymous_28)
FN:346,(anonymous_29)
FN:362,(anonymous_30)
FN:382,(anonymous_31)
FN:394,(anonymous_32)
FN:409,(anonymous_33)
FN:432,(anonymous_34)
FN:445,(anonymous_35)
FN:460,(anonymous_36)
FNF:32
FNH:30
FNDA:1,(anonymous_5)
FNDA:105,CmsSettingsService
FNDA:30,(anonymous_7)
FNDA:36,(anonymous_8)
FNDA:36,(anonymous_9)
FNDA:2,(anonymous_10)
FNDA:36,(anonymous_11)
FNDA:36,(anonymous_12)
FNDA:0,(anonymous_13)
FNDA:22,(anonymous_14)
FNDA:22,(anonymous_15)
FNDA:0,(anonymous_16)
FNDA:1,(anonymous_17)
FNDA:1,(anonymous_18)
FNDA:1,(anonymous_19)
FNDA:9,(anonymous_20)
FNDA:6,(anonymous_21)
FNDA:6,(anonymous_22)
FNDA:13,(anonymous_23)
FNDA:12,(anonymous_24)
FNDA:65,(anonymous_25)
FNDA:67,(anonymous_26)
FNDA:13,(anonymous_27)
FNDA:1,(anonymous_28)
FNDA:5,(anonymous_29)
FNDA:3,(anonymous_30)
FNDA:1,(anonymous_31)
FNDA:5,(anonymous_32)
FNDA:3,(anonymous_33)
FNDA:1,(anonymous_34)
FNDA:2,(anonymous_35)
FNDA:1,(anonymous_36)
DA:7,1
DA:8,1
DA:9,1
DA:11,1
DA:12,1
DA:13,1
DA:15,1
DA:17,1
DA:18,1
DA:22,1
DA:24,105
DA:25,105
DA:26,1
DA:27,105
DA:28,105
DA:29,105
DA:30,105
DA:31,105
DA:39,1
DA:40,30
DA:43,123
DA:44,123
DA:45,30
DA:56,36
DA:57,36
DA:59,36
DA:60,35
DA:62,35
DA:63,20
DA:68,2
DA:69,1
DA:79,36
DA:80,36
DA:83,36
DA:84,29
DA:87,29
DA:88,29
DA:90,7
DA:91,0
DA:95,7
DA:96,7
DA:100,36
DA:103,36
DA:104,19
DA:106,19
DA:107,18
DA:108,18
DA:110,18
DA:111,6
DA:112,6
DA:118,0
DA:128,22
DA:129,22
DA:130,22
DA:131,22
DA:134,22
DA:135,22
DA:136,2
DA:140,0
DA:151,1
DA:152,1
DA:153,1
DA:154,1
DA:164,1
DA:165,1
DA:166,1
DA:167,1
DA:179,1
DA:180,9
DA:181,9
DA:183,9
DA:184,0
DA:187,9
DA:188,2
DA:191,7
DA:192,1
DA:195,6
DA:205,1
DA:206,6
DA:208,6
DA:209,2
DA:211,4
DA:212,3
DA:216,1
DA:226,1
DA:227,6
DA:228,6
DA:229,1
DA:231,5
DA:232,4
DA:236,1
DA:244,13
DA:245,13
DA:246,13
DA:247,13
DA:249,13
DA:251,12
DA:252,1
DA:254,1
DA:257,11
DA:259,1
DA:260,1
DA:263,5
DA:264,5
DA:267,5
DA:269,5
DA:272,0
DA:273,0
DA:284,1
DA:285,65
DA:286,65
DA:295,1
DA:296,67
DA:304,1
DA:305,13
DA:306,13
DA:308,13
DA:309,12
DA:310,12
DA:311,4
DA:315,13
DA:316,9
DA:317,9
DA:318,9
DA:321,13
DA:324,13
DA:333,1
DA:335,1
DA:336,1
DA:337,1
DA:346,5
DA:347,5
DA:348,5
DA:349,5
DA:350,5
DA:351,5
DA:353,5
DA:354,1
DA:356,1
DA:360,4
DA:363,3
DA:365,3
DA:366,3
DA:367,1
DA:368,1
DA:372,2
DA:373,1
DA:374,1
DA:376,1
DA:379,1
DA:383,1
DA:384,1
DA:394,5
DA:395,5
DA:396,5
DA:397,5
DA:398,5
DA:399,5
DA:401,5
DA:402,1
DA:404,1
DA:407,4
DA:410,3
DA:412,3
DA:413,3
DA:414,1
DA:415,1
DA:419,2
DA:421,1
DA:423,1
DA:424,1
DA:426,1
DA:429,1
DA:433,1
DA:434,1
DA:445,1
DA:446,21
DA:447,21
DA:448,1
DA:460,1
DA:461,1
DA:462,1
DA:463,11
DA:464,11
DA:465,1
DA:470,1
LF:186
LH:180
BRDA:44,1,0,30
BRDA:44,1,1,93
BRDA:59,2,0,35
BRDA:59,2,1,1
BRDA:62,3,0,20
BRDA:62,3,1,15
BRDA:68,4,0,1
BRDA:68,4,1,1
BRDA:83,5,0,29
BRDA:83,5,1,7
BRDA:90,6,0,0
BRDA:90,6,1,7
BRDA:103,7,0,19
BRDA:103,7,1,17
BRDA:104,8,0,19
BRDA:104,8,1,6
BRDA:106,9,0,18
BRDA:106,9,1,1
BRDA:110,10,0,6
BRDA:110,10,1,12
BRDA:129,11,0,22
BRDA:129,11,1,0
BRDA:135,12,0,2
BRDA:135,12,1,20
BRDA:152,13,0,1
BRDA:152,13,1,0
BRDA:165,14,0,1
BRDA:165,14,1,0
BRDA:183,15,0,0
BRDA:183,15,1,9
BRDA:187,16,0,2
BRDA:187,16,1,7
BRDA:191,17,0,1
BRDA:191,17,1,6
BRDA:208,18,0,2
BRDA:208,18,1,4
BRDA:211,19,0,3
BRDA:211,19,1,1
BRDA:228,20,0,1
BRDA:228,20,1,5
BRDA:231,21,0,4
BRDA:231,21,1,1
BRDA:251,22,0,1
BRDA:251,22,1,11
BRDA:258,23,0,1
BRDA:258,23,1,5
BRDA:258,23,2,5
BRDA:258,23,3,0
BRDA:286,24,0,8
BRDA:286,24,1,57
BRDA:308,25,0,12
BRDA:308,25,1,1
BRDA:310,26,0,4
BRDA:310,26,1,8
BRDA:310,27,0,12
BRDA:310,27,1,5
BRDA:315,28,0,9
BRDA:315,28,1,4
BRDA:318,29,0,9
BRDA:318,29,1,0
BRDA:353,30,0,1
BRDA:353,30,1,4
BRDA:363,31,0,2
BRDA:363,31,1,1
BRDA:366,32,0,1
BRDA:366,32,1,2
BRDA:372,33,0,1
BRDA:372,33,1,1
BRDA:401,34,0,1
BRDA:401,34,1,4
BRDA:410,35,0,2
BRDA:410,35,1,1
BRDA:413,36,0,1
BRDA:413,36,1,2
BRDA:419,37,0,1
BRDA:419,37,1,1
BRDA:447,38,0,1
BRDA:447,38,1,20
BRDA:464,39,0,1
BRDA:464,39,1,10
BRF:80
BRH:73
end_of_record
TN:
SF:D:\OCS\launchpad-cr\app\launchpad\settings\language\cms-settings-language-panel.component.ts
FN:23,(anonymous_5)
FN:30,CmsSettingsLanguagePanelComponent
FN:37,(anonymous_7)
FN:38,(anonymous_8)
FN:48,(anonymous_9)
FN:61,(anonymous_10)
FN:69,(anonymous_11)
FNF:7
FNH:6
FNDA:1,(anonymous_5)
FNDA:5,CmsSettingsLanguagePanelComponent
FNDA:3,(anonymous_7)
FNDA:3,(anonymous_8)
FNDA:1,(anonymous_9)
FNDA:1,(anonymous_10)
FNDA:0,(anonymous_11)
DA:7,1
DA:8,1
DA:9,1
DA:11,1
DA:13,1
DA:14,1
DA:23,1
DA:28,5
DA:30,1
DA:31,5
DA:32,5
DA:33,5
DA:34,5
DA:35,5
DA:37,3
DA:38,3
DA:39,3
DA:48,1
DA:50,1
DA:51,1
DA:54,1
DA:55,1
DA:58,1
DA:61,1
DA:69,1
DA:70,0
DA:72,1
LF:27
LH:26
BRF:0
BRH:0
end_of_record
TN:
SF:D:\OCS\launchpad-cr\app\launchpad\sources-panel\cms-sources-panel.component.ts
FN:42,(anonymous_5)
FN:56,CmsSourcesPanelComponent
FN:71,(anonymous_7)
FN:73,(anonymous_8)
FN:77,(anonymous_9)
FN:82,(anonymous_10)
FN:91,(anonymous_11)
FN:93,(anonymous_12)
FN:104,(anonymous_13)
FN:113,(anonymous_14)
FN:122,(anonymous_15)
FN:132,(anonymous_16)
FN:135,(anonymous_17)
FN:146,(anonymous_18)
FN:162,(anonymous_19)
FN:165,(anonymous_20)
FN:177,(anonymous_21)
FN:188,(anonymous_22)
FN:209,(anonymous_23)
FN:216,(anonymous_24)
FN:231,(anonymous_25)
FN:239,(anonymous_26)
FN:242,(anonymous_27)
FN:246,(anonymous_28)
FN:260,(anonymous_29)
FN:263,(anonymous_30)
FN:294,(anonymous_31)
FN:295,(anonymous_32)
FN:305,(anonymous_33)
FN:314,(anonymous_34)
FN:323,(anonymous_35)
FN:326,(anonymous_36)
FN:330,(anonymous_37)
FN:339,(anonymous_38)
FNF:34
FNH:27
FNDA:1,(anonymous_5)
FNDA:20,CmsSourcesPanelComponent
FNDA:13,(anonymous_7)
FNDA:13,(anonymous_8)
FNDA:13,(anonymous_9)
FNDA:12,(anonymous_10)
FNDA:1,(anonymous_11)
FNDA:1,(anonymous_12)
FNDA:1,(anonymous_13)
FNDA:1,(anonymous_14)
FNDA:1,(anonymous_15)
FNDA:1,(anonymous_16)
FNDA:1,(anonymous_17)
FNDA:1,(anonymous_18)
FNDA:2,(anonymous_19)
FNDA:2,(anonymous_20)
FNDA:2,(anonymous_21)
FNDA:2,(anonymous_22)
FNDA:0,(anonymous_23)
FNDA:0,(anonymous_24)
FNDA:2,(anonymous_25)
FNDA:2,(anonymous_26)
FNDA:0,(anonymous_27)
FNDA:0,(anonymous_28)
FNDA:2,(anonymous_29)
FNDA:2,(anonymous_30)
FNDA:0,(anonymous_31)
FNDA:0,(anonymous_32)
FNDA:1,(anonymous_33)
FNDA:1,(anonymous_34)
FNDA:1,(anonymous_35)
FNDA:1,(anonymous_36)
FNDA:1,(anonymous_37)
FNDA:0,(anonymous_38)
DA:16,1
DA:17,1
DA:18,1
DA:19,1
DA:20,1
DA:21,1
DA:22,1
DA:23,1
DA:24,1
DA:27,1
DA:28,1
DA:29,1
DA:30,1
DA:31,1
DA:32,1
DA:34,1
DA:42,1
DA:43,1
DA:51,20
DA:53,20
DA:54,20
DA:56,1
DA:57,20
DA:58,20
DA:59,20
DA:60,20
DA:61,20
DA:62,20
DA:63,20
DA:64,20
DA:65,20
DA:66,20
DA:67,20
DA:68,20
DA:71,13
DA:72,13
DA:74,13
DA:77,13
DA:78,13
DA:82,12
DA:88,12
DA:89,12
DA:90,12
DA:91,1
DA:94,1
DA:95,1
DA:104,1
DA:105,1
DA:113,1
DA:114,1
DA:122,1
DA:123,1
DA:124,1
DA:132,1
DA:133,1
DA:134,1
DA:135,1
DA:136,1
DA:146,1
DA:147,1
DA:148,1
DA:149,1
DA:150,1
DA:151,1
DA:152,1
DA:162,2
DA:163,2
DA:164,2
DA:166,2
DA:167,2
DA:177,2
DA:178,2
DA:179,2
DA:180,2
DA:181,2
DA:182,2
DA:183,2
DA:184,2
DA:186,2
DA:189,2
DA:190,2
DA:191,2
DA:193,1
DA:198,1
DA:199,1
DA:200,1
DA:201,1
DA:202,1
DA:203,1
DA:208,0
DA:210,0
DA:215,0
DA:217,0
DA:223,2
DA:224,4
DA:225,4
DA:227,2
DA:231,2
DA:232,2
DA:234,2
DA:235,0
DA:237,2
DA:240,2
DA:243,0
DA:247,0
DA:248,0
DA:260,1
DA:261,2
DA:262,2
DA:263,2
DA:264,2
DA:265,2
DA:266,2
DA:267,4
DA:268,4
DA:269,8
DA:270,8
DA:271,0
DA:272,0
DA:274,8
DA:279,0
DA:282,2
DA:283,2
DA:294,1
DA:295,0
DA:296,0
DA:305,1
DA:306,1
DA:314,1
DA:315,1
DA:323,1
DA:324,1
DA:327,1
DA:331,2
DA:332,2
DA:334,1
DA:335,1
DA:336,0
DA:340,0
DA:343,1
LF:140
LH:125
BRDA:65,1,0,20
BRDA:65,1,1,12
BRDA:66,2,0,20
BRDA:66,2,1,16
BRDA:149,3,0,1
BRDA:149,3,1,0
BRDA:151,4,0,1
BRDA:151,4,1,0
BRDA:166,5,0,2
BRDA:166,5,1,0
BRDA:189,6,0,2
BRDA:189,6,1,0
BRDA:191,7,0,1
BRDA:191,7,1,1
BRDA:191,8,0,2
BRDA:191,8,1,1
BRDA:198,9,0,1
BRDA:198,9,1,0
BRDA:198,10,0,1
BRDA:198,10,1,1
BRDA:199,11,0,1
BRDA:199,11,1,0
BRDA:234,12,0,0
BRDA:234,12,1,2
BRDA:264,13,0,2
BRDA:264,13,1,0
BRDA:266,14,0,2
BRDA:266,14,1,0
BRDA:270,15,0,0
BRDA:270,15,1,8
BRDA:270,16,0,8
BRDA:270,16,1,0
BRDA:282,17,0,2
BRDA:282,17,1,0
BRDA:335,18,0,0
BRDA:335,18,1,1
BRF:36
BRH:23
end_of_record
TN:
SF:D:\OCS\launchpad-cr\app\launchpad\tiles-panel\cms-tiles-panel.component.ts
FN:23,(anonymous_5)
FN:30,CmsTilesPanelComponent
FN:41,(anonymous_7)
FN:42,(anonymous_8)
FN:46,(anonymous_9)
FN:56,(anonymous_10)
FN:65,(anonymous_11)
FN:68,(anonymous_12)
FN:78,(anonymous_13)
FNF:9
FNH:9
FNDA:1,(anonymous_5)
FNDA:5,CmsTilesPanelComponent
FNDA:3,(anonymous_7)
FNDA:3,(anonymous_8)
FNDA:3,(anonymous_9)
FNDA:1,(anonymous_10)
FNDA:1,(anonymous_11)
FNDA:1,(anonymous_12)
FNDA:1,(anonymous_13)
DA:11,1
DA:12,1
DA:13,1
DA:14,1
DA:15,1
DA:23,1
DA:24,5
DA:25,5
DA:30,1
DA:31,5
DA:32,5
DA:33,5
DA:34,5
DA:35,5
DA:41,3
DA:42,3
DA:43,3
DA:46,3
DA:47,3
DA:56,1
DA:57,1
DA:65,1
DA:66,1
DA:67,1
DA:68,1
DA:69,1
DA:78,1
DA:79,1
DA:81,1
LF:29
LH:29
BRF:0
BRH:0
end_of_record
TN:
SF:D:\OCS\launchpad-cr\app\main.ts
FNF:0
FNH:0
DA:4,0
DA:5,0
DA:7,0
DA:9,0
DA:10,0
LF:5
LH:0
BRF:0
BRH:0
end_of_record
TN:
SF:D:\OCS\launchpad-cr\app\shared\card\cms-card.component.ts
FN:31,(anonymous_5)
FN:46,CmsCardComponent
FN:53,(anonymous_7)
FN:71,(anonymous_8)
FN:82,(anonymous_9)
FN:97,(anonymous_10)
FNF:6
FNH:6
FNDA:1,(anonymous_5)
FNDA:9,CmsCardComponent
FNDA:6,(anonymous_7)
FNDA:1,(anonymous_8)
FNDA:2,(anonymous_9)
FNDA:1,(anonymous_10)
DA:5,1
DA:6,1
DA:7,1
DA:8,1
DA:9,1
DA:10,1
DA:11,1
DA:31,1
DA:32,9
DA:33,9
DA:40,1
DA:41,1
DA:46,1
DA:47,9
DA:48,9
DA:50,9
DA:53,1
DA:54,6
DA:55,6
DA:56,6
DA:57,5
DA:59,0
DA:61,5
DA:63,5
DA:64,5
DA:66,1
DA:68,6
DA:71,1
DA:72,1
DA:73,1
DA:82,1
DA:83,2
DA:84,1
DA:87,1
DA:97,1
DA:98,1
DA:99,1
DA:100,1
DA:102,1
LF:39
LH:38
BRDA:56,1,0,5
BRDA:56,1,1,1
BRDA:56,2,0,6
BRDA:56,2,1,6
BRDA:57,3,0,0
BRDA:57,3,1,5
BRDA:57,4,0,5
BRDA:57,4,1,5
BRDA:57,4,2,5
BRDA:83,5,0,1
BRDA:83,5,1,1
BRF:11
BRH:10
end_of_record
TN:
SF:D:\OCS\launchpad-cr\app\shared\cms-favorite.service.ts
FN:19,(anonymous_5)
FN:21,CmsFavoriteService
FN:38,(anonymous_7)
FN:46,(anonymous_8)
FN:49,(anonymous_9)
FN:65,(anonymous_10)
FN:82,(anonymous_11)
FN:91,(anonymous_12)
FN:94,(anonymous_13)
FN:115,(anonymous_14)
FN:128,(anonymous_15)
FNF:11
FNH:11
FNDA:1,(anonymous_5)
FNDA:10,CmsFavoriteService
FNDA:4,(anonymous_7)
FNDA:2,(anonymous_8)
FNDA:2,(anonymous_9)
FNDA:1,(anonymous_10)
FNDA:5,(anonymous_11)
FNDA:3,(anonymous_12)
FNDA:6,(anonymous_13)
FNDA:1,(anonymous_14)
FNDA:9,(anonymous_15)
DA:5,1
DA:6,1
DA:7,1
DA:8,1
DA:19,1
DA:21,1
DA:22,10
DA:23,10
DA:25,10
DA:38,4
DA:39,4
DA:40,4
DA:41,1
DA:43,1
DA:45,3
DA:47,2
DA:49,2
DA:50,2
DA:52,2
DA:54,2
DA:56,2
DA:58,2
DA:59,2
DA:62,2
DA:66,1
DA:82,5
DA:84,5
DA:85,5
DA:86,1
DA:88,1
DA:90,4
DA:92,3
DA:94,3
DA:95,6
DA:97,3
DA:99,3
DA:100,3
DA:101,1
DA:102,1
DA:103,2
DA:105,2
DA:107,2
DA:108,2
DA:111,2
DA:116,1
DA:128,1
DA:129,9
DA:131,9
DA:133,1
DA:134,1
DA:136,1
DA:137,1
DA:139,0
DA:140,0
DA:142,0
DA:143,0
DA:145,3
DA:146,3
DA:148,2
DA:149,2
DA:153,9
DA:155,1
LF:62
LH:58
BRDA:40,1,0,1
BRDA:40,1,1,3
BRDA:54,2,0,2
BRDA:54,2,1,0
BRDA:54,3,0,2
BRDA:54,3,1,2
BRDA:54,3,2,2
BRDA:85,4,0,1
BRDA:85,4,1,4
BRDA:99,5,0,3
BRDA:99,5,1,0
BRDA:100,6,0,1
BRDA:100,6,1,2
BRDA:103,7,0,2
BRDA:103,7,1,0
BRDA:103,8,0,2
BRDA:103,8,1,2
BRDA:132,9,0,1
BRDA:132,9,1,1
BRDA:132,9,2,0
BRDA:132,9,3,0
BRDA:132,9,4,3
BRDA:132,9,5,2
BRDA:132,9,6,2
BRF:24
BRH:19
end_of_record
TN:
SF:D:\OCS\launchpad-cr\app\shared\cms-shared.module.ts
FN:74,(anonymous_4)
FN:74,CmsSharedModule
FN:40,(anonymous_6)
FNF:3
FNH:2
FNDA:1,(anonymous_4)
FNDA:1,CmsSharedModule
FNDA:0,(anonymous_6)
DA:3,1
DA:4,1
DA:5,1
DA:6,1
DA:7,1
DA:8,1
DA:9,1
DA:10,1
DA:11,1
DA:13,1
DA:14,1
DA:15,1
DA:16,1
DA:17,1
DA:18,1
DA:19,1
DA:20,1
DA:21,1
DA:22,1
DA:23,1
DA:40,0
DA:74,2
DA:75,1
LF:23
LH:22
BRF:0
BRH:0
end_of_record
TN:
SF:D:\OCS\launchpad-cr\app\shared\cms-virtual-scroll.service.ts
FN:22,(anonymous_5)
FN:30,CmsVirtualScrollService
FN:43,(anonymous_7)
FN:60,(anonymous_8)
FN:75,(anonymous_9)
FNF:5
FNH:4
FNDA:1,(anonymous_5)
FNDA:3,CmsVirtualScrollService
FNDA:4,(anonymous_7)
FNDA:2,(anonymous_8)
FNDA:0,(anonymous_9)
DA:5,1
DA:6,1
DA:7,1
DA:22,1
DA:25,3
DA:30,3
DA:31,3
DA:32,3
DA:33,3
DA:43,1
DA:44,4
DA:45,4
DA:46,4
DA:47,3
DA:60,1
DA:61,2
DA:62,1
DA:75,1
DA:76,0
DA:77,0
DA:78,0
DA:79,0
DA:81,0
DA:83,0
DA:84,0
DA:85,0
DA:88,1
LF:27
LH:19
BRDA:33,1,0,3
BRDA:33,1,1,3
BRDA:46,2,0,3
BRDA:46,2,1,1
BRDA:61,3,0,1
BRDA:61,3,1,1
BRDA:78,4,0,0
BRDA:78,4,1,0
BRDA:78,5,0,0
BRDA:78,5,1,0
BRDA:83,6,0,0
BRDA:83,6,1,0
BRDA:83,7,0,0
BRDA:83,7,1,0
BRF:14
BRH:6
end_of_record
TN:
SF:D:\OCS\launchpad-cr\app\shared\display-list\cms-display-list.component.ts
FN:40,(anonymous_5)
FN:51,CmsDisplayListComponent
FN:62,(anonymous_7)
FN:67,(anonymous_8)
FN:73,(anonymous_9)
FN:78,(anonymous_10)
FN:100,(anonymous_11)
FN:123,(anonymous_12)
FN:124,(anonymous_13)
FN:138,(anonymous_14)
FN:141,(anonymous_15)
FN:146,(anonymous_16)
FN:153,(anonymous_17)
FN:163,(anonymous_18)
FN:168,(anonymous_19)
FN:179,(anonymous_20)
FN:184,(anonymous_21)
FNF:17
FNH:15
FNDA:1,(anonymous_5)
FNDA:13,CmsDisplayListComponent
FNDA:4,(anonymous_7)
FNDA:14,(anonymous_8)
FNDA:0,(anonymous_9)
FNDA:0,(anonymous_10)
FNDA:3,(anonymous_11)
FNDA:2,(anonymous_12)
FNDA:2,(anonymous_13)
FNDA:8,(anonymous_14)
FNDA:7,(anonymous_15)
FNDA:3,(anonymous_16)
FNDA:1,(anonymous_17)
FNDA:3,(anonymous_18)
FNDA:3,(anonymous_19)
FNDA:3,(anonymous_20)
FNDA:7,(anonymous_21)
DA:6,1
DA:7,1
DA:8,1
DA:11,1
DA:12,1
DA:13,1
DA:14,1
DA:17,1
DA:18,1
DA:19,1
DA:20,1
DA:40,1
DA:41,13
DA:42,1
DA:43,1
DA:48,13
DA:51,1
DA:52,13
DA:53,13
DA:54,13
DA:55,13
DA:56,13
DA:57,13
DA:58,13
DA:62,1
DA:63,4
DA:64,4
DA:67,1
DA:68,14
DA:69,6
DA:73,1
DA:74,0
DA:75,0
DA:78,0
DA:79,0
DA:81,0
DA:82,0
DA:85,0
DA:86,0
DA:87,0
DA:88,0
DA:100,1
DA:101,3
DA:102,1
DA:105,2
DA:106,1
DA:114,1
DA:123,2
DA:124,2
DA:125,2
DA:126,2
DA:127,1
DA:130,2
DA:138,8
DA:139,8
DA:142,7
DA:144,7
DA:145,6
DA:146,3
DA:149,7
DA:150,1
DA:154,1
DA:163,3
DA:165,3
DA:167,3
DA:169,3
DA:179,1
DA:181,3
DA:182,3
DA:183,2
DA:184,7
DA:185,2
DA:186,1
DA:188,2
DA:189,2
DA:190,0
DA:193,3
DA:195,1
LF:78
LH:67
BRDA:68,1,0,6
BRDA:68,1,1,8
BRDA:74,2,0,0
BRDA:74,2,1,0
BRDA:81,3,0,0
BRDA:81,3,1,0
BRDA:101,4,0,1
BRDA:101,4,1,2
BRDA:105,5,0,1
BRDA:105,5,1,1
BRDA:126,6,0,1
BRDA:126,6,1,1
BRDA:144,7,0,6
BRDA:144,7,1,1
BRDA:149,8,0,1
BRDA:149,8,1,6
BRDA:149,9,0,7
BRDA:149,9,1,1
BRDA:149,9,2,1
BRDA:182,10,0,2
BRDA:182,10,1,1
BRDA:185,11,0,1
BRDA:185,11,1,1
BRDA:189,12,0,0
BRDA:189,12,1,2
BRDA:189,13,0,2
BRDA:189,13,1,2
BRF:27
BRH:22
end_of_record
TN:
SF:D:\OCS\launchpad-cr\app\shared\display-name\cms-display-name.component.ts
FN:27,(anonymous_5)
FN:30,CmsDisplayNameComponent
FN:34,(anonymous_7)
FN:39,(anonymous_8)
FN:48,(anonymous_9)
FN:50,(anonymous_10)
FN:70,(anonymous_11)
FN:81,(anonymous_12)
FNF:8
FNH:8
FNDA:1,(anonymous_5)
FNDA:4,CmsDisplayNameComponent
FNDA:2,(anonymous_7)
FNDA:5,(anonymous_8)
FNDA:3,(anonymous_9)
FNDA:1,(anonymous_10)
FNDA:5,(anonymous_11)
FNDA:2,(anonymous_12)
DA:5,1
DA:8,1
DA:9,1
DA:10,1
DA:11,1
DA:12,1
DA:27,1
DA:30,4
DA:31,4
DA:34,1
DA:35,2
DA:36,2
DA:39,1
DA:40,5
DA:48,3
DA:49,3
DA:51,1
DA:52,1
DA:56,0
DA:58,1
DA:59,1
DA:60,1
DA:70,1
DA:71,5
DA:72,4
DA:81,1
DA:82,2
DA:83,2
DA:84,2
DA:85,2
DA:86,2
DA:90,1
LF:32
LH:31
BRDA:52,1,0,0
BRDA:52,1,1,1
BRDA:52,2,0,1
BRDA:52,2,1,1
BRDA:52,2,2,1
BRDA:52,2,3,1
BRDA:59,3,0,1
BRDA:59,3,1,0
BRDA:59,4,0,1
BRDA:59,4,1,1
BRDA:71,5,0,4
BRDA:71,5,1,1
BRDA:83,6,0,2
BRDA:83,6,1,0
BRDA:85,7,0,2
BRDA:85,7,1,0
BRDA:85,8,0,2
BRDA:85,8,1,2
BRF:18
BRH:14
end_of_record
TN:
SF:D:\OCS\launchpad-cr\app\shared\mini-display\cms-mini-display.component.ts
FN:60,(anonymous_5)
FN:109,CmsMiniDisplayComponent
FN:90,(anonymous_7)
FN:94,(anonymous_8)
FN:120,(anonymous_9)
FN:133,(anonymous_10)
FN:139,(anonymous_11)
FN:157,(anonymous_12)
FN:172,(anonymous_13)
FN:195,(anonymous_14)
FN:201,(anonymous_15)
FN:212,(anonymous_16)
FN:216,(anonymous_17)
FN:224,(anonymous_18)
FN:225,(anonymous_19)
FN:235,(anonymous_20)
FN:245,(anonymous_21)
FN:259,(anonymous_22)
FN:261,(anonymous_23)
FN:271,(anonymous_24)
FN:282,(anonymous_25)
FN:309,(anonymous_26)
FN:312,(anonymous_27)
FN:316,(anonymous_28)
FN:338,(anonymous_29)
FN:383,(anonymous_30)
FN:405,(anonymous_31)
FN:421,(anonymous_32)
FN:434,(anonymous_33)
FN:453,(anonymous_34)
FN:455,(anonymous_35)
FN:464,(anonymous_36)
FN:474,(anonymous_37)
FN:479,(anonymous_38)
FN:496,(anonymous_39)
FN:529,(anonymous_40)
FN:565,(anonymous_41)
FN:588,(anonymous_42)
FN:612,(anonymous_43)
FN:621,(anonymous_44)
FN:631,(anonymous_45)
FN:633,(anonymous_46)
FNF:42
FNH:1
FNDA:1,(anonymous_5)
FNDA:0,CmsMiniDisplayComponent
FNDA:0,(anonymous_7)
FNDA:0,(anonymous_8)
FNDA:0,(anonymous_9)
FNDA:0,(anonymous_10)
FNDA:0,(anonymous_11)
FNDA:0,(anonymous_12)
FNDA:0,(anonymous_13)
FNDA:0,(anonymous_14)
FNDA:0,(anonymous_15)
FNDA:0,(anonymous_16)
FNDA:0,(anonymous_17)
FNDA:0,(anonymous_18)
FNDA:0,(anonymous_19)
FNDA:0,(anonymous_20)
FNDA:0,(anonymous_21)
FNDA:0,(anonymous_22)
FNDA:0,(anonymous_23)
FNDA:0,(anonymous_24)
FNDA:0,(anonymous_25)
FNDA:0,(anonymous_26)
FNDA:0,(anonymous_27)
FNDA:0,(anonymous_28)
FNDA:0,(anonymous_29)
FNDA:0,(anonymous_30)
FNDA:0,(anonymous_31)
FNDA:0,(anonymous_32)
FNDA:0,(anonymous_33)
FNDA:0,(anonymous_34)
FNDA:0,(anonymous_35)
FNDA:0,(anonymous_36)
FNDA:0,(anonymous_37)
FNDA:0,(anonymous_38)
FNDA:0,(anonymous_39)
FNDA:0,(anonymous_40)
FNDA:0,(anonymous_41)
FNDA:0,(anonymous_42)
FNDA:0,(anonymous_43)
FNDA:0,(anonymous_44)
FNDA:0,(anonymous_45)
FNDA:0,(anonymous_46)
DA:4,1
DA:15,1
DA:16,1
DA:18,1
DA:19,1
DA:20,1
DA:21,1
DA:25,1
DA:26,1
DA:27,1
DA:28,1
DA:29,1
DA:30,1
DA:31,1
DA:60,1
DA:62,1
DA:64,1
DA:66,1
DA:69,0
DA:77,0
DA:79,0
DA:81,0
DA:84,0
DA:86,0
DA:90,1
DA:91,0
DA:95,0
DA:96,0
DA:97,0
DA:109,1
DA:110,0
DA:111,0
DA:112,0
DA:113,0
DA:114,0
DA:117,0
DA:120,1
DA:121,0
DA:122,0
DA:124,0
DA:125,0
DA:126,0
DA:127,0
DA:128,0
DA:129,0
DA:130,0
DA:133,1
DA:134,0
DA:135,0
DA:139,1
DA:141,0
DA:142,0
DA:144,0
DA:145,0
DA:146,0
DA:147,0
DA:157,1
DA:158,0
DA:159,0
DA:160,0
DA:161,0
DA:163,0
DA:164,0
DA:166,0
DA:167,0
DA:169,0
DA:170,0
DA:179,0
DA:180,0
DA:182,0
DA:183,0
DA:184,0
DA:185,0
DA:186,0
DA:188,0
DA:189,0
DA:190,0
DA:192,0
DA:193,0
DA:195,0
DA:196,0
DA:197,0
DA:202,0
DA:212,1
DA:213,0
DA:214,0
DA:215,0
DA:217,0
DA:219,0
DA:224,0
DA:226,0
DA:235,1
DA:236,0
DA:237,0
DA:245,1
DA:246,0
DA:247,0
DA:249,0
DA:250,0
DA:259,1
DA:260,0
DA:262,0
DA:271,1
DA:272,0
DA:273,0
DA:282,1
DA:283,0
DA:284,0
DA:285,0
DA:286,0
DA:288,0
DA:289,0
DA:292,0
DA:293,0
DA:294,0
DA:299,0
DA:309,1
DA:310,0
DA:311,0
DA:312,0
DA:313,0
DA:316,0
DA:317,0
DA:320,0
DA:321,0
DA:325,0
DA:326,0
DA:338,1
DA:339,0
DA:343,0
DA:344,0
DA:345,0
DA:346,0
DA:350,0
DA:351,0
DA:356,0
DA:357,0
DA:359,0
DA:360,0
DA:363,0
DA:364,0
DA:369,0
DA:370,0
DA:373,0
DA:374,0
DA:376,0
DA:381,0
DA:382,0
DA:383,0
DA:384,0
DA:386,0
DA:387,0
DA:389,0
DA:390,0
DA:391,0
DA:392,0
DA:395,0
DA:396,0
DA:399,0
DA:403,0
DA:404,0
DA:405,0
DA:406,0
DA:408,0
DA:410,0
DA:421,1
DA:422,0
DA:434,1
DA:436,0
DA:437,0
DA:444,0
DA:453,1
DA:455,0
DA:456,0
DA:457,0
DA:458,0
DA:464,0
DA:465,0
DA:469,0
DA:471,0
DA:474,0
DA:475,0
DA:476,0
DA:479,0
DA:480,0
DA:481,0
DA:482,0
DA:484,0
DA:486,0
DA:496,1
DA:497,0
DA:498,0
DA:500,0
DA:509,0
DA:510,0
DA:512,0
DA:513,0
DA:514,0
DA:516,0
DA:519,0
DA:529,1
DA:530,0
DA:531,0
DA:533,0
DA:534,0
DA:535,0
DA:536,0
DA:537,0
DA:538,0
DA:539,0
DA:540,0
DA:541,0
DA:542,0
DA:545,0
DA:546,0
DA:547,0
DA:549,0
DA:552,0
DA:554,0
DA:555,0
DA:556,0
DA:557,0
DA:565,1
DA:567,0
DA:569,0
DA:570,0
DA:575,0
DA:588,1
DA:590,0
DA:592,0
DA:593,0
DA:598,0
DA:612,1
DA:613,0
DA:621,1
DA:622,0
DA:623,0
DA:631,1
DA:632,0
DA:635,0
DA:637,0
DA:639,0
DA:640,0
DA:643,1
LF:244
LH:43
BRDA:121,1,0,0
BRDA:121,1,1,0
BRDA:121,2,0,0
BRDA:121,2,1,0
BRDA:134,3,0,0
BRDA:134,3,1,0
BRDA:134,4,0,0
BRDA:134,4,1,0
BRDA:141,5,0,0
BRDA:141,5,1,0
BRDA:166,6,0,0
BRDA:166,6,1,0
BRDA:166,7,0,0
BRDA:166,7,1,0
BRDA:217,8,0,0
BRDA:217,8,1,0
BRDA:236,9,0,0
BRDA:236,9,1,0
BRDA:246,10,0,0
BRDA:246,10,1,0
BRDA:249,11,0,0
BRDA:249,11,1,0
BRDA:272,12,0,0
BRDA:272,12,1,0
BRDA:283,13,0,0
BRDA:283,13,1,0
BRDA:284,14,0,0
BRDA:284,14,1,0
BRDA:292,15,0,0
BRDA:292,15,1,0
BRDA:293,16,0,0
BRDA:293,16,1,0
BRDA:310,17,0,0
BRDA:310,17,1,0
BRDA:310,18,0,0
BRDA:310,18,1,0
BRDA:320,19,0,0
BRDA:320,19,1,0
BRDA:342,20,0,0
BRDA:342,20,1,0
BRDA:342,20,2,0
BRDA:342,20,3,0
BRDA:342,20,4,0
BRDA:342,20,5,0
BRDA:342,20,6,0
BRDA:359,21,0,0
BRDA:359,21,1,0
BRDA:359,22,0,0
BRDA:359,22,1,0
BRDA:369,23,0,0
BRDA:369,23,1,0
BRDA:381,24,0,0
BRDA:381,24,1,0
BRDA:381,25,0,0
BRDA:381,25,1,0
BRDA:387,26,0,0
BRDA:387,26,1,0
BRDA:387,27,0,0
BRDA:387,27,1,0
BRDA:403,28,0,0
BRDA:403,28,1,0
BRDA:423,29,0,0
BRDA:423,29,1,0
BRDA:423,29,2,0
BRDA:423,29,3,0
BRDA:457,30,0,0
BRDA:457,30,1,0
BRDA:480,31,0,0
BRDA:480,31,1,0
BRDA:497,32,0,0
BRDA:497,32,1,0
BRDA:512,33,0,0
BRDA:512,33,1,0
BRDA:512,34,0,0
BRDA:512,34,1,0
BRDA:512,34,2,0
BRDA:514,35,0,0
BRDA:514,35,1,0
BRDA:514,36,0,0
BRDA:514,36,1,0
BRDA:514,36,2,0
BRDA:545,37,0,0
BRDA:545,37,1,0
BRDA:545,38,0,0
BRDA:545,38,1,0
BRDA:547,39,0,0
BRDA:547,39,1,0
BRDA:547,40,0,0
BRDA:547,40,1,0
BRDA:557,41,0,0
BRDA:557,41,1,0
BRDA:569,42,0,0
BRDA:569,42,1,0
BRDA:592,43,0,0
BRDA:592,43,1,0
BRDA:635,44,0,0
BRDA:635,44,1,0
BRDA:635,45,0,0
BRDA:635,45,1,0
BRDA:635,45,2,0
BRF:100
BRH:0
end_of_record
TN:
SF:D:\OCS\launchpad-cr\app\shared\mini-display\cms-mini-display.service.ts
FN:32,(anonymous_5)
FN:42,CmsMiniDisplayService
FN:54,(anonymous_7)
FN:61,(anonymous_8)
FN:74,(anonymous_9)
FN:82,(anonymous_10)
FN:85,(anonymous_11)
FN:111,(anonymous_12)
FN:125,(anonymous_13)
FN:130,(anonymous_14)
FN:147,(anonymous_15)
FN:155,(anonymous_16)
FN:176,(anonymous_17)
FN:191,(anonymous_18)
FN:218,(anonymous_19)
FN:255,(anonymous_20)
FNF:16
FNH:13
FNDA:1,(anonymous_5)
FNDA:35,CmsMiniDisplayService
FNDA:62,(anonymous_7)
FNDA:0,(anonymous_8)
FNDA:2,(anonymous_9)
FNDA:2,(anonymous_10)
FNDA:2,(anonymous_11)
FNDA:0,(anonymous_12)
FNDA:3,(anonymous_13)
FNDA:4,(anonymous_14)
FNDA:3,(anonymous_15)
FNDA:4,(anonymous_16)
FNDA:4,(anonymous_17)
FNDA:0,(anonymous_18)
FNDA:8,(anonymous_19)
FNDA:2,(anonymous_20)
DA:4,1
DA:6,1
DA:8,1
DA:9,1
DA:11,1
DA:12,1
DA:13,1
DA:32,1
DA:42,1
DA:43,35
DA:44,35
DA:46,35
DA:54,1
DA:55,62
DA:56,62
DA:57,62
DA:58,62
DA:59,62
DA:60,62
DA:61,62
DA:62,0
DA:64,62
DA:74,2
DA:82,2
DA:83,2
DA:86,2
DA:87,2
DA:89,2
DA:94,2
DA:96,2
DA:98,2
DA:100,2
DA:107,2
DA:108,2
DA:112,0
DA:125,3
DA:126,3
DA:128,3
DA:129,2
DA:130,2
DA:131,4
DA:135,3
DA:147,3
DA:150,6
DA:152,3
DA:153,3
DA:154,2
DA:155,2
DA:156,4
DA:164,3
DA:176,1
DA:179,4
DA:181,4
DA:182,4
DA:183,4
DA:184,4
DA:185,4
DA:186,4
DA:187,4
DA:188,4
DA:190,4
DA:191,0
DA:192,0
DA:194,0
DA:196,0
DA:199,0
DA:202,4
DA:205,4
DA:208,0
DA:218,1
DA:219,8
DA:220,4
DA:222,8
DA:223,8
DA:224,8
DA:225,8
DA:226,8
DA:227,8
DA:228,8
DA:229,8
DA:231,8
DA:232,8
DA:233,8
DA:234,8
DA:235,8
DA:236,8
DA:237,8
DA:238,8
DA:239,8
DA:246,8
DA:255,1
DA:263,2
DA:264,2
DA:265,2
DA:266,2
DA:267,2
DA:268,2
DA:269,2
DA:270,2
DA:271,2
DA:272,2
DA:274,2
DA:275,1
DA:276,1
DA:280,1
DA:281,1
DA:282,1
DA:284,1
DA:286,1
DA:287,1
DA:289,1
DA:295,1
LF:112
LH:104
BRDA:86,1,0,2
BRDA:86,1,1,0
BRDA:128,2,0,2
BRDA:128,2,1,1
BRDA:128,3,0,3
BRDA:128,3,1,3
BRDA:150,4,0,3
BRDA:150,4,1,0
BRDA:153,5,0,2
BRDA:153,5,1,1
BRDA:179,6,0,0
BRDA:179,6,1,4
BRDA:182,7,0,4
BRDA:182,7,1,0
BRDA:190,8,0,0
BRDA:190,8,1,4
BRDA:194,9,0,0
BRDA:194,9,1,0
BRDA:219,10,0,4
BRDA:219,10,1,4
BRDA:274,11,0,1
BRDA:274,11,1,1
BRF:22
BRH:15
end_of_record
TN:
SF:D:\OCS\launchpad-cr\app\shared\mini-display\grid\cms-grid.component.ts
FN:39,(anonymous_5)
FN:54,CmsGridComponent
FN:61,(anonymous_7)
FN:69,(anonymous_8)
FN:73,(anonymous_9)
FN:76,(anonymous_10)
FN:90,(anonymous_11)
FN:123,(anonymous_12)
FN:147,(anonymous_13)
FN:164,(anonymous_14)
FN:191,(anonymous_15)
FN:214,(anonymous_16)
FN:232,(anonymous_17)
FN:237,(anonymous_18)
FN:240,(anonymous_19)
FN:251,(anonymous_20)
FN:264,(anonymous_21)
FN:287,(anonymous_22)
FN:299,(anonymous_23)
FN:309,(anonymous_24)
FNF:20
FNH:1
FNDA:1,(anonymous_5)
FNDA:0,CmsGridComponent
FNDA:0,(anonymous_7)
FNDA:0,(anonymous_8)
FNDA:0,(anonymous_9)
FNDA:0,(anonymous_10)
FNDA:0,(anonymous_11)
FNDA:0,(anonymous_12)
FNDA:0,(anonymous_13)
FNDA:0,(anonymous_14)
FNDA:0,(anonymous_15)
FNDA:0,(anonymous_16)
FNDA:0,(anonymous_17)
FNDA:0,(anonymous_18)
FNDA:0,(anonymous_19)
FNDA:0,(anonymous_20)
FNDA:0,(anonymous_21)
FNDA:0,(anonymous_22)
FNDA:0,(anonymous_23)
FNDA:0,(anonymous_24)
DA:4,1
DA:5,1
DA:9,1
DA:10,1
DA:11,1
DA:12,1
DA:13,1
DA:14,1
DA:16,1
DA:17,1
DA:39,1
DA:41,1
DA:43,1
DA:45,1
DA:50,0
DA:52,0
DA:54,1
DA:55,0
DA:56,0
DA:57,0
DA:58,0
DA:59,0
DA:61,1
DA:63,0
DA:66,0
DA:69,1
DA:70,0
DA:71,0
DA:74,0
DA:75,0
DA:76,0
DA:77,0
DA:79,0
DA:90,1
DA:91,0
DA:92,0
DA:94,0
DA:95,0
DA:96,0
DA:97,0
DA:100,0
DA:102,0
DA:103,0
DA:107,0
DA:123,1
DA:125,0
DA:126,0
DA:128,0
DA:129,0
DA:131,0
DA:132,0
DA:135,0
DA:136,0
DA:147,1
DA:148,0
DA:149,0
DA:152,0
DA:156,0
DA:164,1
DA:166,0
DA:167,0
DA:168,0
DA:169,0
DA:170,0
DA:171,0
DA:172,0
DA:174,0
DA:175,0
DA:176,0
DA:177,0
DA:179,0
DA:180,0
DA:181,0
DA:191,1
DA:193,0
DA:194,0
DA:195,0
DA:198,0
DA:199,0
DA:200,0
DA:201,0
DA:202,0
DA:203,0
DA:204,0
DA:214,1
DA:215,0
DA:216,0
DA:217,0
DA:220,0
DA:226,0
DA:232,0
DA:233,0
DA:234,0
DA:235,0
DA:241,0
DA:251,1
DA:252,0
DA:264,1
DA:265,0
DA:287,1
DA:288,0
DA:289,0
DA:299,1
DA:300,0
DA:301,0
DA:309,1
DA:310,0
DA:312,0
DA:313,0
DA:316,0
DA:318,1
LF:111
LH:29
BRDA:75,1,0,0
BRDA:75,1,1,0
BRDA:91,2,0,0
BRDA:91,2,1,0
BRDA:95,3,0,0
BRDA:95,3,1,0
BRDA:97,4,0,0
BRDA:97,4,1,0
BRDA:97,5,0,0
BRDA:97,5,1,0
BRDA:97,5,2,0
BRDA:102,6,0,0
BRDA:102,6,1,0
BRDA:125,7,0,0
BRDA:125,7,1,0
BRDA:126,8,0,0
BRDA:126,8,1,0
BRDA:129,9,0,0
BRDA:129,9,1,0
BRDA:131,10,0,0
BRDA:131,10,1,0
BRDA:148,11,0,0
BRDA:148,11,1,0
BRDA:149,12,0,0
BRDA:149,12,1,0
BRDA:149,13,0,0
BRDA:149,13,1,0
BRDA:149,13,2,0
BRDA:167,14,0,0
BRDA:167,14,1,0
BRDA:174,15,0,0
BRDA:174,15,1,0
BRDA:176,16,0,0
BRDA:176,16,1,0
BRDA:194,17,0,0
BRDA:194,17,1,0
BRDA:202,18,0,0
BRDA:202,18,1,0
BRDA:288,19,0,0
BRDA:288,19,1,0
BRDA:288,20,0,0
BRDA:288,20,1,0
BRDA:312,21,0,0
BRDA:312,21,1,0
BRDA:312,22,0,0
BRDA:312,22,1,0
BRDA:312,22,2,0
BRF:47
BRH:0
end_of_record
TN:
SF:D:\OCS\launchpad-cr\app\shared\source-list\cms-source-list.component.ts
FN:50,(anonymous_5)
FN:71,CmsSourceListComponent
FN:84,(anonymous_7)
FN:88,(anonymous_8)
FN:97,(anonymous_9)
FN:107,(anonymous_10)
FN:122,(anonymous_11)
FN:125,(anonymous_12)
FN:141,(anonymous_13)
FN:144,(anonymous_14)
FN:154,(anonymous_15)
FN:166,(anonymous_16)
FN:189,(anonymous_17)
FN:208,(anonymous_18)
FN:222,(anonymous_19)
FN:226,(anonymous_20)
FN:238,(anonymous_21)
FN:241,(anonymous_22)
FN:255,(anonymous_23)
FN:257,(anonymous_24)
FN:279,(anonymous_25)
FNF:21
FNH:14
FNDA:1,(anonymous_5)
FNDA:10,CmsSourceListComponent
FNDA:8,(anonymous_7)
FNDA:2,(anonymous_8)
FNDA:0,(anonymous_9)
FNDA:10,(anonymous_10)
FNDA:0,(anonymous_11)
FNDA:0,(anonymous_12)
FNDA:0,(anonymous_13)
FNDA:0,(anonymous_14)
FNDA:0,(anonymous_15)
FNDA:3,(anonymous_16)
FNDA:5,(anonymous_17)
FNDA:2,(anonymous_18)
FNDA:1,(anonymous_19)
FNDA:0,(anonymous_20)
FNDA:1,(anonymous_21)
FNDA:1,(anonymous_22)
FNDA:8,(anonymous_23)
FNDA:8,(anonymous_24)
FNDA:2,(anonymous_25)
DA:6,1
DA:9,1
DA:10,1
DA:12,1
DA:14,1
DA:15,1
DA:17,1
DA:18,1
DA:20,1
DA:21,1
DA:23,1
DA:24,1
DA:27,1
DA:29,1
DA:50,1
DA:51,10
DA:52,10
DA:53,1
DA:54,1
DA:55,10
DA:56,1
DA:67,10
DA:71,1
DA:72,10
DA:73,10
DA:74,10
DA:75,10
DA:76,10
DA:77,10
DA:78,10
DA:79,10
DA:80,10
DA:81,10
DA:84,1
DA:85,8
DA:88,2
DA:89,2
DA:90,2
DA:91,2
DA:92,2
DA:93,2
DA:94,2
DA:95,2
DA:96,2
DA:97,2
DA:98,0
DA:99,0
DA:103,0
DA:107,1
DA:108,10
DA:109,10
DA:111,10
DA:112,2
DA:122,1
DA:123,0
DA:124,0
DA:126,0
DA:127,0
DA:141,1
DA:142,0
DA:143,0
DA:144,0
DA:146,0
DA:147,0
DA:148,0
DA:149,0
DA:150,0
DA:151,0
DA:153,0
DA:155,0
DA:166,1
DA:167,3
DA:168,1
DA:171,2
DA:172,1
DA:180,1
DA:189,5
DA:190,5
DA:191,1
DA:193,4
DA:194,1
DA:196,1
DA:198,3
DA:199,1
DA:201,2
DA:209,2
DA:210,2
DA:212,2
DA:213,2
DA:215,2
DA:216,2
DA:218,2
DA:220,2
DA:221,2
DA:224,1
DA:227,0
DA:238,1
DA:239,1
DA:241,1
DA:242,1
DA:243,1
DA:247,1
DA:255,8
DA:256,8
DA:257,8
DA:258,8
DA:259,8
DA:260,8
DA:261,8
DA:263,8
DA:269,8
DA:279,1
DA:280,2
DA:281,2
DA:283,2
DA:285,4
DA:286,4
DA:287,4
DA:289,12
DA:290,12
DA:294,0
DA:295,0
DA:302,1
LF:123
LH:102
BRDA:93,1,0,2
BRDA:93,1,1,0
BRDA:96,2,0,2
BRDA:96,2,1,0
BRDA:98,3,0,0
BRDA:98,3,1,0
BRDA:108,4,0,10
BRDA:108,4,1,0
BRDA:111,5,0,2
BRDA:111,5,1,8
BRDA:123,6,0,0
BRDA:123,6,1,0
BRDA:126,7,0,0
BRDA:126,7,1,0
BRDA:142,8,0,0
BRDA:142,8,1,0
BRDA:149,9,0,0
BRDA:149,9,1,0
BRDA:167,10,0,1
BRDA:167,10,1,2
BRDA:171,11,0,1
BRDA:171,11,1,1
BRDA:190,12,0,1
BRDA:190,12,1,4
BRDA:193,13,0,1
BRDA:193,13,1,3
BRDA:198,14,0,1
BRDA:198,14,1,2
BRDA:215,15,0,2
BRDA:215,15,1,0
BRDA:220,16,0,2
BRDA:220,16,1,0
BRDA:239,17,0,1
BRDA:239,17,1,0
BRDA:242,18,0,1
BRDA:242,18,1,0
BRDA:258,19,0,8
BRDA:258,19,1,0
BRDA:280,20,0,0
BRDA:280,20,1,2
BRDA:280,21,0,2
BRDA:280,21,1,2
BRDA:280,21,2,2
BRDA:283,22,0,2
BRDA:283,22,1,0
BRDA:283,23,0,2
BRDA:283,23,1,2
BRDA:290,24,0,0
BRDA:290,24,1,12
BRDA:290,25,0,12
BRDA:290,25,1,6
BRF:51
BRH:30
end_of_record
TN:
SF:D:\OCS\launchpad-cr\app\shared\tile-grid\tile-grid.component.ts
FN:22,(anonymous_5)
FN:38,TileGridComponent
FN:28,(anonymous_7)
FN:33,(anonymous_8)
FN:45,(anonymous_9)
FNF:5
FNH:5
FNDA:1,(anonymous_5)
FNDA:4,TileGridComponent
FNDA:4,(anonymous_7)
FNDA:8,(anonymous_8)
FNDA:9,(anonymous_9)
DA:5,1
DA:22,1
DA:24,4
DA:25,1
DA:26,1
DA:28,1
DA:29,4
DA:30,0
DA:32,4
DA:33,8
DA:35,4
DA:38,1
DA:39,4
DA:45,1
DA:46,9
DA:50,9
DA:55,9
DA:62,1
LF:18
LH:17
BRDA:29,1,0,0
BRDA:29,1,1,4
BRF:2
BRH:1
end_of_record
TN:
SF:D:\OCS\launchpad-cr\app\shared\tile-list\cms-tile-list.component.ts
FN:45,(anonymous_5)
FN:58,CmsTileListComponent
FN:64,(anonymous_7)
FN:69,(anonymous_8)
FN:76,(anonymous_9)
FN:81,(anonymous_10)
FN:96,(anonymous_11)
FN:113,(anonymous_12)
FN:119,(anonymous_13)
FN:123,(anonymous_14)
FN:125,(anonymous_15)
FN:135,(anonymous_16)
FN:137,(anonymous_17)
FN:149,(anonymous_18)
FN:156,(anonymous_19)
FN:166,(anonymous_20)
FN:175,(anonymous_21)
FN:177,(anonymous_22)
FN:180,(anonymous_23)
FN:195,(anonymous_24)
FN:215,(anonymous_25)
FN:218,(anonymous_26)
FN:247,(anonymous_27)
FNF:23
FNH:19
FNDA:1,(anonymous_5)
FNDA:5,CmsTileListComponent
FNDA:5,(anonymous_7)
FNDA:5,(anonymous_8)
FNDA:0,(anonymous_9)
FNDA:5,(anonymous_10)
FNDA:5,(anonymous_11)
FNDA:1,(anonymous_12)
FNDA:2,(anonymous_13)
FNDA:1,(anonymous_14)
FNDA:0,(anonymous_15)
FNDA:5,(anonymous_16)
FNDA:5,(anonymous_17)
FNDA:2,(anonymous_18)
FNDA:0,(anonymous_19)
FNDA:0,(anonymous_20)
FNDA:5,(anonymous_21)
FNDA:5,(anonymous_22)
FNDA:5,(anonymous_23)
FNDA:1,(anonymous_24)
FNDA:2,(anonymous_25)
FNDA:2,(anonymous_26)
FNDA:5,(anonymous_27)
DA:5,1
DA:6,1
DA:8,1
DA:10,1
DA:12,1
DA:14,1
DA:15,1
DA:18,1
DA:19,1
DA:22,1
DA:45,1
DA:48,5
DA:49,5
DA:50,5
DA:51,1
DA:58,6
DA:59,5
DA:60,5
DA:61,5
DA:63,5
DA:64,5
DA:65,5
DA:69,1
DA:70,5
DA:71,0
DA:73,5
DA:76,1
DA:77,0
DA:78,0
DA:81,1
DA:83,5
DA:84,5
DA:86,5
DA:87,5
DA:96,1
DA:97,5
DA:98,0
DA:100,5
DA:101,0
DA:104,5
DA:113,1
DA:114,1
DA:115,1
DA:119,1
DA:120,2
DA:122,1
DA:124,1
DA:126,0
DA:135,5
DA:137,5
DA:138,5
DA:139,5
DA:145,5
DA:147,5
DA:148,5
DA:150,2
DA:154,5
DA:155,5
DA:156,0
DA:166,1
DA:167,0
DA:175,5
DA:176,5
DA:177,5
DA:178,5
DA:180,5
DA:181,5
DA:182,5
DA:195,1
DA:196,1
DA:197,0
DA:200,3
DA:201,3
DA:202,1
DA:206,1
DA:215,2
DA:216,2
DA:217,2
DA:218,2
DA:219,2
DA:221,2
DA:222,2
DA:223,2
DA:224,2
DA:226,4
DA:227,4
DA:228,1
DA:229,1
DA:233,2
DA:234,1
DA:247,1
DA:248,5
DA:249,0
DA:251,5
DA:252,5
DA:253,15
DA:254,15
DA:255,5
DA:257,10
DA:262,1
LF:100
LH:90
BRDA:70,1,0,0
BRDA:70,1,1,5
BRDA:83,2,0,5
BRDA:83,2,1,0
BRDA:86,3,0,5
BRDA:86,3,1,0
BRDA:97,4,0,0
BRDA:97,4,1,5
BRDA:100,5,0,0
BRDA:100,5,1,5
BRDA:147,6,0,5
BRDA:147,6,1,0
BRDA:154,7,0,5
BRDA:154,7,1,0
BRDA:181,8,0,5
BRDA:181,8,1,0
BRDA:196,9,0,0
BRDA:196,9,1,1
BRDA:201,10,0,1
BRDA:201,10,1,2
BRDA:216,11,0,0
BRDA:216,11,1,2
BRDA:216,12,0,2
BRDA:216,12,1,0
BRDA:221,13,0,2
BRDA:221,13,1,0
BRDA:222,14,0,2
BRDA:222,14,1,0
BRDA:227,15,0,1
BRDA:227,15,1,3
BRDA:227,16,0,4
BRDA:227,16,1,2
BRDA:233,17,0,1
BRDA:233,17,1,1
BRDA:248,18,0,0
BRDA:248,18,1,5
BRDA:252,19,0,5
BRDA:252,19,1,0
BRDA:254,20,0,5
BRDA:254,20,1,10
BRF:40
BRH:25
end_of_record
TN:
SF:D:\OCS\launchpad-cr\app\utils\dom-manager.util.ts
FN:11,(anonymous_3)
FN:14,DomManager
FN:23,(anonymous_5)
FN:32,(anonymous_6)
FN:42,(anonymous_7)
FN:51,(anonymous_8)
FN:60,(anonymous_9)
FNF:7
FNH:7
FNDA:1,(anonymous_3)
FNDA:35,DomManager
FNDA:1,(anonymous_5)
FNDA:1,(anonymous_6)
FNDA:1,(anonymous_7)
FNDA:1,(anonymous_8)
FNDA:16,(anonymous_9)
DA:11,1
DA:14,1
DA:15,35
DA:23,1
DA:24,1
DA:32,1
DA:33,1
DA:42,1
DA:43,1
DA:51,1
DA:52,1
DA:60,1
DA:61,16
DA:63,1
LF:14
LH:14
BRF:0
BRH:0
end_of_record
TN:
SF:D:\OCS\launchpad-cr\app\utils\event-manager.util.ts
FN:8,(anonymous_3)
FN:17,(anonymous_5)
FN:27,(anonymous_6)
FN:38,(anonymous_7)
FN:49,(anonymous_8)
FNF:5
FNH:5
FNDA:1,(anonymous_3)
FNDA:1,(anonymous_5)
FNDA:21,(anonymous_6)
FNDA:4,(anonymous_7)
FNDA:2,(anonymous_8)
DA:8,1
DA:9,1
DA:17,1
DA:18,1
DA:27,1
DA:28,21
DA:38,1
DA:39,4
DA:49,1
DA:50,2
DA:52,1
LF:11
LH:11
BRF:0
BRH:0
end_of_record
TN:
SF:D:\OCS\launchpad-cr\app\utils\key-manager.util.ts
FN:14,(anonymous_3)
FN:17,KeyManager
FN:33,(anonymous_5)
FN:45,(anonymous_6)
FN:64,(anonymous_7)
FNF:5
FNH:5
FNDA:1,(anonymous_3)
FNDA:4,KeyManager
FNDA:3,(anonymous_5)
FNDA:2,(anonymous_6)
FNDA:1,(anonymous_7)
DA:10,1
DA:14,1
DA:17,1
DA:18,4
DA:20,4
DA:21,4
DA:33,1
DA:34,3
DA:45,1
DA:46,2
DA:47,2
DA:49,2
DA:50,2
DA:53,2
DA:64,1
DA:65,1
DA:66,1
DA:67,1
DA:69,1
DA:71,1
LF:20
LH:20
BRDA:49,1,0,2
BRDA:49,1,1,0
BRDA:69,2,0,1
BRDA:69,2,1,1
BRF:4
BRH:3
end_of_record
TN:
SF:D:\OCS\launchpad-cr\app\utils\parsing-manager-util.ts
FN:7,(anonymous_3)
FN:15,(anonymous_5)
FNF:2
FNH:2
FNDA:1,(anonymous_3)
FNDA:84,(anonymous_5)
DA:5,1
DA:7,2
DA:15,1
DA:16,84
DA:19,1
LF:5
LH:5
BRF:0
BRH:0
end_of_record
TN:
SF:D:\OCS\launchpad-cr\app\utils\source-reposition.util.ts
FN:11,(anonymous_3)
FN:18,(anonymous_5)
FN:21,(anonymous_6)
FN:30,(anonymous_7)
FN:44,(anonymous_8)
FN:49,(anonymous_9)
FN:54,(anonymous_10)
FN:56,(anonymous_11)
FN:58,(anonymous_12)
FN:77,(anonymous_13)
FN:83,(anonymous_14)
FN:85,(anonymous_15)
FN:95,(anonymous_16)
FN:98,(anonymous_17)
FN:112,(anonymous_18)
FNF:15
FNH:15
FNDA:9,(anonymous_3)
FNDA:13,(anonymous_5)
FNDA:29,(anonymous_6)
FNDA:19,(anonymous_7)
FNDA:12,(anonymous_8)
FNDA:16,(anonymous_9)
FNDA:25,(anonymous_10)
FNDA:17,(anonymous_11)
FNDA:8,(anonymous_12)
FNDA:5,(anonymous_13)
FNDA:8,(anonymous_14)
FNDA:16,(anonymous_15)
FNDA:8,(anonymous_16)
FNDA:7,(anonymous_17)
FNDA:19,(anonymous_18)
DA:9,1
DA:11,2
DA:18,1
DA:19,13
DA:20,13
DA:22,29
DA:23,29
DA:24,19
DA:26,29
DA:29,13
DA:31,19
DA:44,1
DA:45,12
DA:46,12
DA:47,12
DA:48,12
DA:49,12
DA:50,16
DA:53,12
DA:54,25
DA:55,12
DA:57,17
DA:59,8
DA:63,17
DA:64,17
DA:67,12
DA:77,1
DA:78,5
DA:79,1
DA:81,4
DA:82,4
DA:84,8
DA:86,16
DA:87,8
DA:88,1
DA:90,7
DA:91,7
DA:94,4
DA:95,8
DA:97,4
DA:99,7
DA:102,4
DA:112,1
DA:113,19
DA:114,19
DA:115,3
DA:117,33
DA:119,33
DA:132,16
DA:134,1
LF:50
LH:50
BRDA:23,1,0,19
BRDA:23,1,1,10
BRDA:78,2,0,1
BRDA:78,2,1,4
BRDA:86,3,0,16
BRDA:86,3,1,16
BRDA:87,4,0,1
BRDA:87,4,1,7
BRDA:114,5,0,3
BRDA:114,5,1,16
BRDA:114,6,0,19
BRDA:114,6,1,19
BRF:12
BRH:12
end_of_record
TN:
SF:D:\OCS\launchpad-cr\app\utils\tilepreset-manager.util.ts
FN:9,(anonymous_3)
FN:16,(anonymous_5)
FN:24,(anonymous_6)
FN:29,(anonymous_7)
FN:35,(anonymous_8)
FNF:5
FNH:5
FNDA:6,(anonymous_3)
FNDA:13,(anonymous_5)
FNDA:34,(anonymous_6)
FNDA:13,(anonymous_7)
FNDA:5,(anonymous_8)
DA:9,2
DA:16,1
DA:19,13
DA:20,3
DA:24,10
DA:25,34
DA:27,10
DA:29,4
DA:30,13
DA:33,4
DA:35,1
DA:36,5
DA:41,10
DA:42,9
DA:44,1
DA:47,1
LF:16
LH:16
BRDA:19,1,0,3
BRDA:19,1,1,10
BRDA:19,2,0,13
BRDA:19,2,1,12
BRDA:19,2,2,11
BRDA:25,3,0,34
BRDA:25,3,1,23
BRDA:25,3,2,9
BRDA:27,4,0,4
BRDA:27,4,1,6
BRDA:30,5,0,13
BRDA:30,5,1,4
BRDA:33,6,0,1
BRDA:33,6,1,3
BRDA:41,7,0,9
BRDA:41,7,1,1
BRF:16
BRH:16
end_of_record
TN:
SF:D:\OCS\launchpad-cr\test\app\cms\api\api-request.spec.ts
FN:10,(anonymous_3)
FN:11,(anonymous_5)
FN:16,(anonymous_6)
FN:18,(anonymous_8)
FN:21,(anonymous_9)
FN:25,(anonymous_10)
FN:37,(anonymous_11)
FN:53,(anonymous_12)
FN:61,(anonymous_13)
FN:68,(anonymous_14)
FN:91,(anonymous_15)
FN:96,(anonymous_16)
FN:104,(anonymous_17)
FN:109,(anonymous_18)
FN:113,(anonymous_19)
FN:121,(anonymous_20)
FN:126,(anonymous_21)
FN:131,(anonymous_22)
FN:139,(anonymous_23)
FN:144,(anonymous_24)
FN:148,(anonymous_25)
FN:156,(anonymous_26)
FN:161,(anonymous_27)
FN:176,(anonymous_28)
FNF:24
FNH:23
FNDA:8,(anonymous_3)
FNDA:1,(anonymous_5)
FNDA:8,(anonymous_6)
FNDA:0,(anonymous_8)
FNDA:1,(anonymous_9)
FNDA:7,(anonymous_10)
FNDA:7,(anonymous_11)
FNDA:7,(anonymous_12)
FNDA:1,(anonymous_13)
FNDA:1,(anonymous_14)
FNDA:1,(anonymous_15)
FNDA:1,(anonymous_16)
FNDA:1,(anonymous_17)
FNDA:1,(anonymous_18)
FNDA:1,(anonymous_19)
FNDA:1,(anonymous_20)
FNDA:1,(anonymous_21)
FNDA:1,(anonymous_22)
FNDA:1,(anonymous_23)
FNDA:1,(anonymous_24)
FNDA:1,(anonymous_25)
FNDA:1,(anonymous_26)
FNDA:1,(anonymous_27)
FNDA:1,(anonymous_28)
DA:1,1
DA:2,1
DA:4,1
DA:5,1
DA:6,1
DA:7,1
DA:8,1
DA:10,2
DA:11,1
DA:12,1
DA:14,1
DA:16,2
DA:17,7
DA:18,1
DA:19,1
DA:21,1
DA:22,1
DA:25,1
DA:26,7
DA:38,7
DA:53,1
DA:54,7
DA:55,7
DA:56,7
DA:57,7
DA:58,7
DA:61,1
DA:62,1
DA:63,1
DA:64,1
DA:65,1
DA:68,1
DA:69,1
DA:70,1
DA:71,1
DA:73,1
DA:74,1
DA:75,1
DA:77,1
DA:78,1
DA:79,1
DA:81,1
DA:82,1
DA:84,1
DA:85,1
DA:87,1
DA:88,1
DA:91,1
DA:92,1
DA:93,1
DA:94,1
DA:96,1
DA:97,1
DA:104,1
DA:105,1
DA:109,1
DA:110,1
DA:111,1
DA:113,1
DA:114,1
DA:121,1
DA:122,1
DA:126,1
DA:127,1
DA:128,1
DA:129,1
DA:131,1
DA:132,1
DA:139,1
DA:140,1
DA:144,1
DA:145,1
DA:146,1
DA:148,1
DA:149,1
DA:156,1
DA:157,1
DA:161,1
DA:162,1
DA:176,1
DA:177,1
DA:184,1
DA:185,1
DA:187,1
DA:189,1
DA:190,1
LF:86
LH:86
BRF:0
BRH:0
end_of_record
TN:
SF:D:\OCS\launchpad-cr\test\app\cms\api\cms-api.service.spec.ts
FN:32,(anonymous_8)
FN:40,(anonymous_9)
FN:56,(anonymous_10)
FN:67,(anonymous_11)
FN:79,(anonymous_12)
FN:84,(anonymous_13)
FN:87,(anonymous_14)
FN:95,(anonymous_15)
FN:101,(anonymous_16)
FN:103,(anonymous_17)
FN:110,(anonymous_18)
FN:116,(anonymous_19)
FN:118,(anonymous_20)
FN:126,(anonymous_21)
FN:133,(anonymous_22)
FN:139,(anonymous_23)
FN:141,(anonymous_24)
FN:148,(anonymous_25)
FN:155,(anonymous_26)
FN:163,(anonymous_27)
FN:170,(anonymous_28)
FN:177,(anonymous_29)
FN:181,(anonymous_30)
FN:188,(anonymous_31)
FN:195,(anonymous_32)
FN:198,(anonymous_33)
FN:205,(anonymous_34)
FN:213,(anonymous_35)
FN:217,(anonymous_36)
FN:224,(anonymous_37)
FN:231,(anonymous_38)
FN:234,(anonymous_39)
FN:242,(anonymous_40)
FN:244,(anonymous_41)
FN:250,(anonymous_42)
FN:254,(anonymous_43)
FN:261,(anonymous_44)
FN:268,(anonymous_45)
FN:270,(anonymous_46)
FN:277,(anonymous_47)
FN:283,(anonymous_48)
FN:285,(anonymous_49)
FN:292,(anonymous_50)
FN:298,(anonymous_51)
FN:299,(anonymous_52)
FN:300,(anonymous_53)
FN:307,(anonymous_54)
FN:310,(anonymous_55)
FN:317,(anonymous_56)
FN:323,(anonymous_57)
FN:324,(anonymous_58)
FN:332,(anonymous_59)
FN:333,(anonymous_60)
FN:339,(anonymous_61)
FN:341,(anonymous_62)
FN:348,(anonymous_63)
FN:354,(anonymous_64)
FN:357,(anonymous_65)
FN:364,(anonymous_66)
FN:370,(anonymous_67)
FN:373,(anonymous_68)
FN:380,(anonymous_69)
FN:386,(anonymous_70)
FN:390,(anonymous_71)
FN:397,(anonymous_72)
FN:403,(anonymous_73)
FN:405,(anonymous_74)
FN:412,(anonymous_75)
FN:417,(anonymous_76)
FN:418,(anonymous_77)
FN:426,(anonymous_78)
FN:427,(anonymous_79)
FN:433,(anonymous_80)
FN:435,(anonymous_81)
FN:442,(anonymous_82)
FN:448,(anonymous_83)
FN:450,(anonymous_84)
FN:457,(anonymous_85)
FN:463,(anonymous_86)
FN:465,(anonymous_87)
FN:472,(anonymous_88)
FN:478,(anonymous_89)
FN:480,(anonymous_90)
FN:487,(anonymous_91)
FN:493,(anonymous_92)
FN:495,(anonymous_93)
FN:502,(anonymous_94)
FN:508,(anonymous_95)
FN:510,(anonymous_96)
FN:517,(anonymous_97)
FN:523,(anonymous_98)
FN:525,(anonymous_99)
FN:532,(anonymous_100)
FN:538,(anonymous_101)
FN:540,(anonymous_102)
FN:547,(anonymous_103)
FN:553,(anonymous_104)
FN:555,(anonymous_105)
FN:562,(anonymous_106)
FN:568,(anonymous_107)
FN:570,(anonymous_108)
FN:577,(anonymous_109)
FN:583,(anonymous_110)
FN:585,(anonymous_111)
FN:592,(anonymous_112)
FN:598,(anonymous_113)
FN:600,(anonymous_114)
FN:607,(anonymous_115)
FN:613,(anonymous_116)
FN:615,(anonymous_117)
FN:622,(anonymous_118)
FN:627,(anonymous_119)
FN:629,(anonymous_120)
FN:636,(anonymous_121)
FN:642,(anonymous_122)
FN:644,(anonymous_123)
FN:651,(anonymous_124)
FN:657,(anonymous_125)
FN:662,(anonymous_126)
FN:669,(anonymous_127)
FN:675,(anonymous_128)
FN:677,(anonymous_129)
FN:684,(anonymous_130)
FN:690,(anonymous_131)
FN:692,(anonymous_132)
FN:699,(anonymous_133)
FN:705,(anonymous_134)
FN:707,(anonymous_135)
FN:714,(anonymous_136)
FN:720,(anonymous_137)
FN:722,(anonymous_138)
FN:729,(anonymous_139)
FN:736,(anonymous_140)
FNF:133
FNH:128
FNDA:1,(anonymous_8)
FNDA:43,(anonymous_9)
FNDA:43,(anonymous_10)
FNDA:43,(anonymous_11)
FNDA:1,(anonymous_12)
FNDA:1,(anonymous_13)
FNDA:1,(anonymous_14)
FNDA:1,(anonymous_15)
FNDA:1,(anonymous_16)
FNDA:1,(anonymous_17)
FNDA:1,(anonymous_18)
FNDA:1,(anonymous_19)
FNDA:1,(anonymous_20)
FNDA:1,(anonymous_21)
FNDA:1,(anonymous_22)
FNDA:1,(anonymous_23)
FNDA:1,(anonymous_24)
FNDA:1,(anonymous_25)
FNDA:1,(anonymous_26)
FNDA:1,(anonymous_27)
FNDA:1,(anonymous_28)
FNDA:1,(anonymous_29)
FNDA:1,(anonymous_30)
FNDA:1,(anonymous_31)
FNDA:1,(anonymous_32)
FNDA:1,(anonymous_33)
FNDA:1,(anonymous_34)
FNDA:1,(anonymous_35)
FNDA:1,(anonymous_36)
FNDA:1,(anonymous_37)
FNDA:1,(anonymous_38)
FNDA:1,(anonymous_39)
FNDA:0,(anonymous_40)
FNDA:1,(anonymous_41)
FNDA:1,(anonymous_42)
FNDA:1,(anonymous_43)
FNDA:1,(anonymous_44)
FNDA:1,(anonymous_45)
FNDA:1,(anonymous_46)
FNDA:1,(anonymous_47)
FNDA:1,(anonymous_48)
FNDA:1,(anonymous_49)
FNDA:1,(anonymous_50)
FNDA:1,(anonymous_51)
FNDA:0,(anonymous_52)
FNDA:0,(anonymous_53)
FNDA:1,(anonymous_54)
FNDA:1,(anonymous_55)
FNDA:1,(anonymous_56)
FNDA:1,(anonymous_57)
FNDA:1,(anonymous_58)
FNDA:0,(anonymous_59)
FNDA:1,(anonymous_60)
FNDA:1,(anonymous_61)
FNDA:1,(anonymous_62)
FNDA:1,(anonymous_63)
FNDA:1,(anonymous_64)
FNDA:1,(anonymous_65)
FNDA:1,(anonymous_66)
FNDA:1,(anonymous_67)
FNDA:1,(anonymous_68)
FNDA:1,(anonymous_69)
FNDA:1,(anonymous_70)
FNDA:1,(anonymous_71)
FNDA:1,(anonymous_72)
FNDA:1,(anonymous_73)
FNDA:1,(anonymous_74)
FNDA:1,(anonymous_75)
FNDA:1,(anonymous_76)
FNDA:1,(anonymous_77)
FNDA:0,(anonymous_78)
FNDA:1,(anonymous_79)
FNDA:1,(anonymous_80)
FNDA:1,(anonymous_81)
FNDA:1,(anonymous_82)
FNDA:1,(anonymous_83)
FNDA:1,(anonymous_84)
FNDA:1,(anonymous_85)
FNDA:1,(anonymous_86)
FNDA:1,(anonymous_87)
FNDA:1,(anonymous_88)
FNDA:1,(anonymous_89)
FNDA:1,(anonymous_90)
FNDA:1,(anonymous_91)
FNDA:1,(anonymous_92)
FNDA:1,(anonymous_93)
FNDA:1,(anonymous_94)
FNDA:1,(anonymous_95)
FNDA:1,(anonymous_96)
FNDA:1,(anonymous_97)
FNDA:1,(anonymous_98)
FNDA:1,(anonymous_99)
FNDA:1,(anonymous_100)
FNDA:1,(anonymous_101)
FNDA:1,(anonymous_102)
FNDA:1,(anonymous_103)
FNDA:1,(anonymous_104)
FNDA:1,(anonymous_105)
FNDA:1,(anonymous_106)
FNDA:1,(anonymous_107)
FNDA:1,(anonymous_108)
FNDA:1,(anonymous_109)
FNDA:1,(anonymous_110)
FNDA:1,(anonymous_111)
FNDA:1,(anonymous_112)
FNDA:1,(anonymous_113)
FNDA:1,(anonymous_114)
FNDA:1,(anonymous_115)
FNDA:1,(anonymous_116)
FNDA:1,(anonymous_117)
FNDA:1,(anonymous_118)
FNDA:1,(anonymous_119)
FNDA:1,(anonymous_120)
FNDA:1,(anonymous_121)
FNDA:1,(anonymous_122)
FNDA:1,(anonymous_123)
FNDA:1,(anonymous_124)
FNDA:1,(anonymous_125)
FNDA:1,(anonymous_126)
FNDA:1,(anonymous_127)
FNDA:1,(anonymous_128)
FNDA:1,(anonymous_129)
FNDA:1,(anonymous_130)
FNDA:1,(anonymous_131)
FNDA:1,(anonymous_132)
FNDA:1,(anonymous_133)
FNDA:1,(anonymous_134)
FNDA:1,(anonymous_135)
FNDA:1,(anonymous_136)
FNDA:1,(anonymous_137)
FNDA:1,(anonymous_138)
FNDA:1,(anonymous_139)
FNDA:4,(anonymous_140)
DA:5,1
DA:8,1
DA:9,1
DA:10,1
DA:15,1
DA:16,1
DA:17,1
DA:18,1
DA:19,1
DA:20,1
DA:22,1
DA:26,1
DA:28,1
DA:32,1
DA:33,1
DA:34,1
DA:35,1
DA:36,1
DA:37,1
DA:38,1
DA:40,1
DA:41,43
DA:57,43
DA:67,1
DA:68,43
DA:69,43
DA:70,43
DA:71,43
DA:72,43
DA:73,43
DA:74,43
DA:75,43
DA:79,1
DA:80,1
DA:84,1
DA:85,1
DA:86,1
DA:87,1
DA:88,1
DA:94,1
DA:95,1
DA:96,1
DA:101,1
DA:102,1
DA:103,1
DA:104,1
DA:110,1
DA:111,1
DA:116,1
DA:117,1
DA:118,1
DA:119,1
DA:126,1
DA:127,1
DA:133,1
DA:134,1
DA:135,1
DA:139,1
DA:140,1
DA:141,1
DA:142,1
DA:148,1
DA:149,1
DA:150,1
DA:155,1
DA:156,1
DA:157,1
DA:158,1
DA:159,1
DA:160,1
DA:161,1
DA:163,1
DA:164,1
DA:170,1
DA:171,1
DA:177,1
DA:178,1
DA:179,1
DA:180,1
DA:181,1
DA:182,1
DA:188,1
DA:189,1
DA:195,1
DA:196,1
DA:197,1
DA:198,1
DA:199,1
DA:205,1
DA:206,1
DA:207,1
DA:208,1
DA:213,1
DA:214,1
DA:215,1
DA:216,1
DA:217,1
DA:218,1
DA:224,1
DA:225,1
DA:231,1
DA:232,1
DA:233,1
DA:234,1
DA:235,1
DA:242,1
DA:245,1
DA:250,1
DA:251,1
DA:252,1
DA:253,1
DA:254,1
DA:255,1
DA:261,1
DA:262,1
DA:268,1
DA:269,1
DA:270,1
DA:271,1
DA:277,1
DA:278,1
DA:283,1
DA:284,1
DA:285,1
DA:286,1
DA:292,1
DA:293,1
DA:298,1
DA:299,1
DA:300,1
DA:301,1
DA:302,1
DA:303,1
DA:307,1
DA:308,1
DA:309,1
DA:310,1
DA:311,1
[...]
DA:5,1
DA:6,1
DA:7,1
DA:8,1
DA:9,1
DA:11,1
DA:12,1
DA:13,1
DA:14,1
DA:15,1
DA:16,1
DA:17,1
DA:18,1
DA:20,1
DA:23,1
DA:133,2
DA:134,13
DA:135,8
DA:136,1
DA:138,7
DA:141,1
DA:142,0
DA:144,1
DA:145,2
DA:146,1
DA:147,2
DA:148,1
DA:149,0
DA:151,1
DA:153,2
DA:154,13
DA:155,1
DA:156,0
DA:159,1
DA:160,0
DA:162,13
DA:163,1
DA:165,2
DA:166,1
DA:167,0
DA:169,1
DA:171,2
DA:172,1
DA:173,0
DA:175,1
DA:176,0
DA:178,1
DA:180,1
DA:181,1
DA:182,1
DA:183,1
DA:184,1
DA:185,1
DA:186,1
DA:187,1
DA:188,1
DA:189,1
DA:190,1
DA:191,1
DA:192,1
DA:193,13
DA:225,13
DA:233,13
DA:234,13
DA:235,13
DA:236,13
DA:237,13
DA:238,13
DA:239,13
DA:240,13
DA:241,13
DA:242,13
DA:243,13
DA:244,13
DA:245,13
DA:246,13
DA:247,13
DA:248,13
DA:249,13
DA:253,1
DA:254,1
DA:255,1
DA:258,1
DA:259,1
DA:260,1
DA:263,1
DA:264,1
DA:265,1
DA:267,1
DA:268,1
DA:269,1
DA:272,1
DA:273,1
DA:274,1
DA:275,1
DA:276,1
DA:277,1
DA:278,1
DA:281,1
DA:282,1
DA:283,1
DA:284,1
DA:285,1
DA:286,1
DA:287,1
DA:290,1
DA:291,1
DA:292,1
DA:293,1
DA:294,1
DA:298,1
DA:299,1
DA:300,1
DA:301,1
DA:302,1
DA:303,1
DA:304,1
DA:308,1
DA:309,1
DA:310,1
DA:311,1
DA:312,1
DA:313,1
DA:314,1
DA:315,1
DA:316,1
DA:317,1
DA:318,1
DA:320,1
DA:322,1
DA:323,1
DA:324,1
DA:325,1
DA:326,1
DA:327,1
DA:328,1
DA:329,1
DA:330,1
DA:331,1
DA:332,1
DA:334,1
DA:335,1
DA:336,1
DA:338,1
DA:339,1
DA:340,1
DA:341,1
DA:347,1
DA:348,1
DA:349,1
DA:350,1
DA:351,1
DA:352,1
DA:353,1
DA:354,1
DA:355,1
DA:356,1
DA:376,1
DA:377,1
DA:378,1
DA:379,1
DA:380,1
DA:381,1
DA:382,1
DA:389,1
DA:390,1
DA:391,1
DA:392,1
DA:395,1
DA:402,1
DA:409,1
DA:413,1
DA:414,1
DA:415,1
DA:416,1
DA:417,1
DA:418,1
DA:419,1
DA:420,1
DA:421,1
DA:422,1
DA:426,1
DA:427,1
DA:428,1
DA:429,1
DA:430,1
DA:431,1
DA:432,1
DA:433,1
DA:434,1
DA:437,1
DA:438,1
DA:439,1
DA:440,1
DA:441,1
DA:442,1
DA:443,1
LF:199
LH:192
BRDA:134,1,0,0
BRDA:134,1,1,8
BRDA:134,2,0,0
BRDA:134,2,1,8
BRDA:134,3,0,5
BRDA:134,3,1,3
BRDA:134,4,0,5
BRDA:134,4,1,3
BRDA:135,5,0,1
BRDA:135,5,1,7
BRF:10
BRH:8
end_of_record
TN:
SF:D:\OCS\launchpad-cr\test\app\shared\display-name\cms-display-name.component.spec.ts
FN:10,(anonymous_3)
FN:22,(anonymous_4)
FN:36,(anonymous_5)
FN:41,(anonymous_6)
FN:46,(anonymous_7)
FN:51,(anonymous_8)
FN:58,(anonymous_9)
FN:73,removeDisplay
FN:78,setDisplay
FNF:9
FNH:9
FNDA:1,(anonymous_3)
FNDA:4,(anonymous_4)
FNDA:4,(anonymous_5)
FNDA:1,(anonymous_6)
FNDA:1,(anonymous_7)
FNDA:1,(anonymous_8)
FNDA:1,(anonymous_9)
FNDA:4,removeDisplay
FNDA:4,setDisplay
DA:1,1
DA:2,1
DA:4,1
DA:5,1
DA:6,1
DA:7,1
DA:8,1
DA:10,1
DA:11,1
DA:12,1
DA:13,1
DA:14,1
DA:17,1
DA:22,1
DA:23,4
DA:30,4
DA:31,4
DA:32,4
DA:33,4
DA:36,1
DA:37,4
DA:41,1
DA:42,1
DA:43,1
DA:46,1
DA:47,1
DA:48,1
DA:51,1
DA:52,1
DA:53,1
DA:54,1
DA:55,1
DA:58,1
DA:59,1
DA:60,1
DA:68,1
DA:69,1
DA:73,1
DA:74,4
DA:75,4
DA:78,1
DA:79,4
DA:80,4
LF:43
LH:43
BRF:0
BRH:0
end_of_record
TN:
SF:D:\OCS\launchpad-cr\test\app\shared\mini-display\cms-mini-display.component.spec.ts
FN:18,(anonymous_3)
FN:30,(anonymous_4)
FN:35,(anonymous_5)
FN:51,(anonymous_6)
FN:57,(anonymous_7)
FN:73,(anonymous_8)
FN:81,(anonymous_9)
FN:87,(anonymous_10)
FN:90,(anonymous_11)
FN:100,(anonymous_12)
FN:103,(anonymous_13)
FN:110,(anonymous_14)
FN:124,(anonymous_15)
FN:139,(anonymous_16)
FN:155,(anonymous_17)
FN:169,(anonymous_18)
FN:184,(anonymous_19)
FN:197,(anonymous_20)
FN:213,(anonymous_21)
FN:224,(anonymous_22)
FN:230,(anonymous_23)
FN:245,(anonymous_24)
FN:263,(anonymous_25)
FN:269,(anonymous_26)
FN:275,(anonymous_27)
FN:282,(anonymous_28)
FN:287,(anonymous_30)
FN:293,(anonymous_31)
FN:298,(anonymous_33)
FN:304,(anonymous_34)
FN:311,(anonymous_35)
FN:324,(anonymous_36)
FN:337,(anonymous_37)
FNF:33
FNH:26
FNDA:1,(anonymous_3)
FNDA:0,(anonymous_4)
FNDA:23,(anonymous_5)
FNDA:0,(anonymous_6)
FNDA:0,(anonymous_7)
FNDA:23,(anonymous_8)
FNDA:1,(anonymous_9)
FNDA:1,(anonymous_10)
FNDA:0,(anonymous_11)
FNDA:1,(anonymous_12)
FNDA:0,(anonymous_13)
FNDA:1,(anonymous_14)
FNDA:1,(anonymous_15)
FNDA:1,(anonymous_16)
FNDA:1,(anonymous_17)
FNDA:1,(anonymous_18)
FNDA:1,(anonymous_19)
FNDA:1,(anonymous_20)
FNDA:1,(anonymous_21)
FNDA:1,(anonymous_22)
FNDA:1,(anonymous_23)
FNDA:1,(anonymous_24)
FNDA:1,(anonymous_25)
FNDA:1,(anonymous_26)
FNDA:1,(anonymous_27)
FNDA:1,(anonymous_28)
FNDA:0,(anonymous_30)
FNDA:1,(anonymous_31)
FNDA:0,(anonymous_33)
FNDA:1,(anonymous_34)
FNDA:1,(anonymous_35)
FNDA:1,(anonymous_36)
FNDA:1,(anonymous_37)
DA:1,1
DA:3,1
DA:5,1
DA:6,1
DA:7,1
DA:8,1
DA:9,1
DA:10,1
DA:11,1
DA:12,1
DA:13,1
DA:14,1
DA:15,1
DA:16,1
DA:18,1
DA:19,1
DA:20,1
DA:21,1
DA:22,1
DA:23,1
DA:24,1
DA:25,1
DA:26,1
DA:27,1
DA:28,1
DA:30,0
DA:33,1
DA:35,1
DA:36,23
DA:51,0
DA:58,0
DA:59,0
DA:60,0
DA:61,0
DA:62,0
DA:63,0
DA:64,0
DA:65,0
DA:66,0
DA:67,0
DA:68,0
DA:69,0
DA:73,1
DA:74,23
DA:75,23
DA:76,0
DA:77,0
DA:81,1
DA:82,1
DA:83,0
DA:84,0
DA:87,1
DA:88,1
DA:89,0
DA:90,0
DA:92,0
DA:93,0
DA:94,0
DA:95,0
DA:96,0
DA:97,0
DA:100,1
DA:101,1
DA:102,0
DA:103,0
DA:105,0
DA:106,0
DA:107,0
DA:110,1
DA:111,1
DA:112,0
DA:113,0
DA:120,0
DA:121,0
DA:124,1
DA:125,1
DA:126,0
DA:133,0
DA:134,0
DA:135,0
DA:136,0
DA:139,1
DA:140,1
DA:141,0
DA:148,0
DA:149,0
DA:150,0
DA:151,0
DA:152,0
DA:155,1
DA:156,1
DA:157,0
DA:158,0
DA:165,0
DA:166,0
DA:169,1
DA:170,1
DA:171,0
DA:172,0
DA:179,0
DA:180,0
DA:181,0
DA:184,1
DA:185,1
DA:186,0
DA:187,0
DA:194,0
DA:197,1
DA:198,1
DA:199,0
DA:200,0
DA:201,0
DA:208,0
DA:209,0
DA:210,0
DA:213,1
DA:214,1
DA:215,1
DA:217,1
DA:218,0
DA:219,0
DA:220,0
DA:221,0
DA:224,1
DA:225,1
DA:226,0
DA:227,0
DA:230,1
DA:231,1
DA:232,0
DA:233,0
DA:234,0
DA:235,0
DA:236,0
DA:237,0
DA:241,0
DA:242,0
DA:245,1
DA:246,1
DA:247,0
DA:248,0
DA:249,0
DA:250,0
DA:251,0
DA:252,0
DA:253,0
DA:255,0
DA:256,0
DA:257,0
DA:258,0
DA:259,0
DA:260,0
DA:263,1
DA:264,1
DA:265,1
DA:266,0
DA:269,1
DA:270,1
DA:271,0
DA:272,0
DA:275,1
DA:276,1
DA:277,0
DA:278,0
DA:279,0
DA:282,1
DA:283,1
DA:284,0
DA:285,0
DA:286,0
DA:287,0
DA:288,0
DA:289,0
DA:293,1
DA:294,1
DA:295,0
DA:296,0
DA:297,0
DA:298,0
DA:299,0
DA:300,0
DA:304,1
DA:305,1
DA:306,0
DA:307,0
DA:308,0
DA:311,1
DA:312,1
DA:313,0
DA:314,0
DA:321,0
DA:324,1
DA:325,1
DA:326,0
DA:328,0
DA:329,0
DA:330,0
DA:332,0
DA:333,0
DA:334,0
DA:337,1
DA:338,1
DA:339,0
DA:340,0
LF:204
LH:80
BRF:0
BRH:0
end_of_record
TN:
SF:D:\OCS\launchpad-cr\test\app\shared\mini-display\cms-mini-display.service.spec.ts
FN:14,(anonymous_15)
FN:24,(anonymous_16)
FN:25,(anonymous_18)
FN:34,(anonymous_19)
FN:52,(anonymous_20)
FN:58,(anonymous_21)
FN:69,(anonymous_24)
FN:75,(anonymous_25)
FN:79,(anonymous_26)
FN:87,(anonymous_27)
FN:93,(anonymous_28)
FN:117,(anonymous_29)
FN:123,(anonymous_30)
FN:147,(anonymous_31)
FN:152,(anonymous_32)
FNF:15
FNH:15
FNDA:1,(anonymous_15)
FNDA:7,(anonymous_16)
FNDA:2,(anonymous_18)
FNDA:2,(anonymous_19)
FNDA:4,(anonymous_20)
FNDA:12,(anonymous_21)
FNDA:6,(anonymous_24)
FNDA:1,(anonymous_25)
FNDA:1,(anonymous_26)
FNDA:1,(anonymous_27)
FNDA:1,(anonymous_28)
FNDA:1,(anonymous_29)
FNDA:1,(anonymous_30)
FNDA:1,(anonymous_31)
FNDA:1,(anonymous_32)
DA:1,1
DA:2,1
DA:3,1
DA:4,1
DA:5,1
DA:6,1
DA:10,1
DA:11,1
DA:14,1
DA:16,1
DA:17,1
DA:18,1
DA:19,1
DA:24,2
DA:25,1
DA:26,2
DA:27,2
DA:29,1
DA:34,1
DA:35,2
DA:36,2
DA:37,1
DA:38,1
DA:39,1
DA:40,1
DA:41,1
DA:42,1
DA:43,1
DA:44,1
DA:45,1
DA:52,1
DA:53,4
DA:54,4
DA:58,1
DA:59,6
DA:69,1
DA:70,6
DA:71,6
DA:72,6
DA:75,1
DA:76,1
DA:79,1
DA:80,1
DA:81,1
DA:82,1
DA:83,1
DA:84,1
DA:87,1
DA:88,1
DA:89,1
DA:90,1
DA:92,1
DA:104,1
DA:105,1
DA:106,1
DA:107,1
DA:109,1
DA:110,1
DA:111,1
DA:112,1
DA:113,1
DA:117,1
DA:118,1
DA:119,1
DA:120,1
DA:122,1
DA:134,1
DA:135,1
DA:136,1
DA:137,1
DA:139,1
DA:140,1
DA:141,1
DA:142,1
DA:143,1
DA:147,1
DA:149,1
DA:152,1
DA:154,1
LF:79
LH:79
BRDA:36,1,0,1
BRDA:36,1,1,1
BRDA:53,2,0,4
BRDA:53,2,1,0
BRF:4
BRH:3
end_of_record
TN:
SF:D:\OCS\launchpad-cr\test\app\shared\mini-display\grid\cms-grid.component.spec.ts
FN:138,(anonymous_8)
FN:140,(anonymous_10)
FN:141,(anonymous_12)
FN:144,(anonymous_13)
FN:145,(anonymous_15)
FN:149,(anonymous_16)
FN:153,(anonymous_17)
FN:161,(anonymous_18)
FN:168,(anonymous_20)
FN:178,(anonymous_21)
FN:196,(anonymous_22)
FN:202,(anonymous_23)
FN:212,(anonymous_24)
FN:221,(anonymous_25)
FN:228,(anonymous_26)
FN:232,(anonymous_27)
FN:246,(anonymous_28)
FN:250,(anonymous_29)
FN:258,(anonymous_30)
FN:263,(anonymous_31)
FN:271,(anonymous_32)
FN:278,(anonymous_33)
FN:289,(anonymous_34)
FN:296,(anonymous_35)
FN:308,(anonymous_36)
FNF:25
FNH:16
FNDA:1,(anonymous_8)
FNDA:1,(anonymous_10)
FNDA:0,(anonymous_12)
FNDA:1,(anonymous_13)
FNDA:0,(anonymous_15)
FNDA:0,(anonymous_16)
FNDA:0,(anonymous_17)
FNDA:1,(anonymous_18)
FNDA:1,(anonymous_20)
FNDA:10,(anonymous_21)
FNDA:0,(anonymous_22)
FNDA:0,(anonymous_23)
FNDA:0,(anonymous_24)
FNDA:1,(anonymous_25)
FNDA:1,(anonymous_26)
FNDA:0,(anonymous_27)
FNDA:1,(anonymous_28)
FNDA:0,(anonymous_29)
FNDA:1,(anonymous_30)
FNDA:1,(anonymous_31)
FNDA:1,(anonymous_32)
FNDA:1,(anonymous_33)
FNDA:1,(anonymous_34)
FNDA:1,(anonymous_35)
FNDA:1,(anonymous_36)
DA:2,1
DA:4,1
DA:5,1
DA:6,1
DA:7,1
DA:8,1
DA:10,1
DA:13,1
DA:14,1
DA:15,1
DA:16,1
DA:17,1
DA:18,1
DA:19,1
DA:20,1
DA:21,1
DA:23,1
DA:74,1
DA:87,1
DA:114,1
DA:115,1
DA:117,1
DA:136,1
DA:137,1
DA:138,2
DA:140,2
DA:141,1
DA:142,1
DA:144,2
DA:145,1
DA:146,0
DA:149,1
DA:150,0
DA:153,1
DA:154,0
DA:155,0
DA:157,0
DA:160,1
DA:161,2
DA:162,0
DA:165,0
DA:166,1
DA:168,1
DA:169,1
DA:170,1
DA:171,1
DA:172,1
DA:173,1
DA:174,1
DA:175,1
DA:176,1
DA:178,1
DA:179,10
DA:196,0
DA:203,0
DA:204,0
DA:205,0
DA:206,0
DA:207,0
DA:208,0
DA:212,1
DA:214,0
DA:215,0
DA:216,0
DA:217,0
DA:218,0
DA:221,1
DA:222,1
DA:223,1
DA:224,0
DA:225,0
DA:228,1
DA:229,1
DA:230,0
DA:231,0
DA:232,0
DA:233,0
DA:234,0
DA:235,0
DA:238,0
DA:239,0
DA:240,0
DA:246,1
DA:247,1
DA:249,1
DA:250,0
DA:251,0
DA:252,0
DA:253,0
DA:258,1
DA:259,1
DA:260,0
DA:263,1
DA:264,1
DA:265,0
DA:266,0
DA:267,0
DA:271,1
DA:272,1
DA:273,0
DA:274,0
DA:275,0
DA:278,1
DA:279,1
DA:280,0
DA:281,0
DA:282,0
DA:283,0
DA:284,0
DA:285,0
DA:286,0
DA:289,1
DA:290,1
DA:291,0
DA:292,0
DA:293,0
DA:296,1
DA:297,1
DA:298,0
DA:299,0
DA:300,0
DA:301,0
DA:302,0
DA:303,0
DA:304,0
DA:308,1
DA:309,1
DA:310,0
DA:311,0
LF:129
LH:69
BRDA:154,1,0,0
BRDA:154,1,1,0
BRDA:154,2,0,0
BRDA:154,2,1,0
BRDA:154,2,2,0
BRF:5
BRH:0
end_of_record
TN:
SF:D:\OCS\launchpad-cr\test\app\shared\source-list\cms-source-list.component.spec.ts
FN:22,(anonymous_8)
FN:121,(anonymous_10)
FN:126,(anonymous_12)
FN:130,(anonymous_13)
FN:133,(anonymous_14)
FN:138,(anonymous_15)
FN:139,(anonymous_17)
FN:142,(anonymous_18)
FN:147,(anonymous_19)
FN:148,(anonymous_21)
FN:152,(anonymous_22)
FN:157,(anonymous_23)
FN:180,(anonymous_25)
FN:190,(anonymous_26)
FN:225,(anonymous_27)
FN:231,(anonymous_28)
FN:249,(anonymous_29)
FN:258,(anonymous_30)
FN:276,(anonymous_31)
FN:286,(anonymous_32)
FN:295,(anonymous_33)
FN:303,(anonymous_34)
FN:313,(anonymous_35)
FN:322,(anonymous_36)
FN:324,(anonymous_37)
FN:331,(anonymous_38)
FN:341,(anonymous_39)
FN:350,(anonymous_40)
FN:352,(anonymous_41)
FN:360,(anonymous_42)
FN:363,(anonymous_43)
FN:371,(anonymous_44)
FN:374,(anonymous_45)
FNF:33
FNH:30
FNDA:1,(anonymous_8)
FNDA:11,(anonymous_10)
FNDA:0,(anonymous_12)
FNDA:2,(anonymous_13)
FNDA:12,(anonymous_14)
FNDA:11,(anonymous_15)
FNDA:0,(anonymous_17)
FNDA:0,(anonymous_18)
FNDA:11,(anonymous_19)
FNDA:8,(anonymous_21)
FNDA:2,(anonymous_22)
FNDA:11,(anonymous_23)
FNDA:1,(anonymous_25)
FNDA:10,(anonymous_26)
FNDA:10,(anonymous_27)
FNDA:10,(anonymous_28)
FNDA:1,(anonymous_29)
FNDA:1,(anonymous_30)
FNDA:1,(anonymous_31)
FNDA:1,(anonymous_32)
FNDA:1,(anonymous_33)
FNDA:1,(anonymous_34)
FNDA:1,(anonymous_35)
FNDA:1,(anonymous_36)
FNDA:1,(anonymous_37)
FNDA:1,(anonymous_38)
FNDA:1,(anonymous_39)
FNDA:1,(anonymous_40)
FNDA:1,(anonymous_41)
FNDA:1,(anonymous_42)
FNDA:1,(anonymous_43)
FNDA:1,(anonymous_44)
FNDA:1,(anonymous_45)
DA:4,1
DA:6,1
DA:7,1
DA:8,1
DA:9,1
DA:10,1
DA:11,1
DA:13,1
DA:14,1
DA:15,1
DA:16,1
DA:17,1
DA:18,1
DA:19,1
DA:22,2
DA:30,1
DA:32,1
DA:73,1
DA:121,2
DA:122,10
DA:123,10
DA:124,10
DA:125,10
DA:126,10
DA:127,0
DA:129,10
DA:130,1
DA:131,2
DA:133,1
DA:134,12
DA:136,1
DA:138,2
DA:139,1
DA:140,0
DA:142,1
DA:143,0
DA:145,1
DA:147,2
DA:148,1
DA:149,8
DA:152,4
DA:153,2
DA:155,1
DA:157,2
DA:158,10
DA:177,10
DA:178,1
DA:180,1
DA:181,1
DA:182,1
DA:183,1
DA:184,1
DA:185,1
DA:186,1
DA:187,1
DA:188,1
DA:189,1
DA:190,1
DA:191,10
DA:225,10
DA:232,10
DA:233,10
DA:234,10
DA:235,10
DA:236,10
DA:237,10
DA:238,10
DA:239,10
DA:240,10
DA:242,10
DA:248,1
DA:250,1
DA:251,1
DA:252,1
DA:253,1
DA:254,1
DA:255,1
DA:256,1
DA:257,1
DA:258,1
DA:259,1
DA:260,1
DA:261,1
DA:262,1
DA:263,1
DA:264,1
DA:265,1
DA:266,1
DA:267,1
DA:268,1
DA:269,1
DA:270,1
DA:276,1
DA:277,1
DA:280,1
DA:281,1
DA:282,1
DA:283,1
DA:286,1
DA:287,1
DA:288,1
DA:289,1
DA:290,1
DA:291,1
DA:292,1
DA:294,1
DA:295,1
DA:296,1
DA:297,1
DA:299,1
DA:300,1
DA:303,1
DA:304,1
DA:305,1
DA:306,1
DA:307,1
DA:308,1
DA:309,1
DA:310,1
DA:313,1
DA:314,1
DA:315,1
DA:316,1
DA:317,1
DA:318,1
DA:319,1
DA:322,1
DA:323,1
DA:324,1
DA:326,1
DA:327,1
DA:328,1
DA:331,1
DA:332,1
DA:333,1
DA:334,1
DA:335,1
DA:336,1
DA:337,1
DA:338,1
DA:341,1
DA:342,1
DA:343,1
DA:344,1
DA:345,1
DA:346,1
DA:347,1
DA:350,1
DA:351,1
DA:352,1
DA:353,1
DA:354,1
DA:355,1
DA:356,1
DA:360,1
DA:361,1
DA:362,1
DA:363,1
DA:367,1
DA:371,1
DA:372,1
DA:373,1
DA:374,1
DA:375,1
DA:376,1
LF:165
LH:162
BRDA:152,1,0,0
BRDA:152,1,1,2
BRDA:152,2,0,0
BRDA:152,2,1,2
BRDA:152,3,0,2
BRDA:152,3,1,0
BRDA:152,4,0,2
BRDA:152,4,1,0
BRF:8
BRH:4
end_of_record
TN:
SF:D:\OCS\launchpad-cr\test\app\shared\tile-grid\tile-grid.component.spec.ts
FN:8,(anonymous_3)
FN:12,(anonymous_4)
FN:15,(anonymous_5)
FN:23,(anonymous_6)
FN:28,(anonymous_7)
FN:48,(anonymous_8)
FN:60,(anonymous_9)
FN:66,(anonymous_10)
FN:88,(anonymous_11)
FNF:9
FNH:9
FNDA:1,(anonymous_3)
FNDA:4,(anonymous_4)
FNDA:4,(anonymous_5)
FNDA:1,(anonymous_6)
FNDA:1,(anonymous_7)
FNDA:1,(anonymous_8)
FNDA:4,(anonymous_9)
FNDA:1,(anonymous_10)
FNDA:2,(anonymous_11)
DA:1,1
DA:2,1
DA:4,1
DA:5,1
DA:6,1
DA:8,1
DA:9,1
DA:10,1
DA:11,1
DA:12,1
DA:13,4
DA:16,4
DA:17,4
DA:18,4
DA:19,4
DA:23,1
DA:24,1
DA:25,1
DA:28,1
DA:29,1
DA:30,1
DA:32,1
DA:34,1
DA:39,1
DA:40,1
DA:41,1
DA:42,1
DA:43,1
DA:44,1
DA:48,1
DA:49,1
DA:54,1
DA:56,1
DA:57,1
DA:58,1
DA:60,1
DA:61,4
DA:66,1
DA:67,1
DA:69,1
DA:75,1
DA:80,1
DA:82,1
DA:84,1
DA:86,1
DA:88,1
DA:89,2
DA:90,2
DA:91,2
DA:92,2
LF:50
LH:50
BRF:0
BRH:0
end_of_record
TN:
SF:D:\OCS\launchpad-cr\test\app\shared\tile-list\cms-tile-list.component.spec.ts
FN:18,(anonymous_3)
FN:19,(anonymous_5)
FN:23,(anonymous_6)
FN:27,(anonymous_7)
FN:31,(anonymous_8)
FN:37,(anonymous_9)
FN:44,(anonymous_11)
FN:50,(anonymous_12)
FN:69,(anonymous_13)
FN:75,(anonymous_14)
FN:86,(anonymous_15)
FN:92,(anonymous_16)
FN:99,(anonymous_17)
FN:114,(anonymous_18)
FN:124,(anonymous_19)
FN:132,(anonymous_20)
FN:154,(anonymous_21)
FN:159,(anonymous_22)
FN:178,(anonymous_23)
FN:183,(anonymous_24)
FN:186,(anonymous_25)
FNF:21
FNH:19
FNDA:6,(anonymous_3)
FNDA:5,(anonymous_5)
FNDA:25,(anonymous_6)
FNDA:0,(anonymous_7)
FNDA:5,(anonymous_8)
FNDA:6,(anonymous_9)
FNDA:1,(anonymous_11)
FNDA:5,(anonymous_12)
FNDA:0,(anonymous_13)
FNDA:5,(anonymous_14)
FNDA:1,(anonymous_15)
FNDA:1,(anonymous_16)
FNDA:5,(anonymous_17)
FNDA:1,(anonymous_18)
FNDA:1,(anonymous_19)
FNDA:1,(anonymous_20)
FNDA:1,(anonymous_21)
FNDA:1,(anonymous_22)
FNDA:1,(anonymous_23)
FNDA:1,(anonymous_24)
FNDA:1,(anonymous_25)
DA:1,1
DA:2,1
DA:3,1
DA:4,1
DA:5,1
DA:6,1
DA:7,1
DA:8,1
DA:10,1
DA:11,1
DA:12,1
DA:13,1
DA:14,1
DA:15,1
DA:18,2
DA:19,5
DA:20,5
DA:21,0
DA:23,25
DA:27,1
DA:28,0
DA:31,1
DA:32,5
DA:34,1
DA:37,2
DA:38,5
DA:42,1
DA:44,1
DA:45,1
DA:46,1
DA:47,1
DA:48,1
DA:49,1
DA:50,1
DA:51,5
DA:69,0
DA:76,5
DA:77,5
DA:78,5
DA:79,5
DA:80,5
DA:81,5
DA:82,5
DA:86,1
DA:87,1
DA:88,1
DA:89,1
DA:90,1
DA:91,1
DA:92,1
DA:94,1
DA:96,1
DA:97,0
DA:99,5
DA:100,1
DA:104,1
DA:105,1
DA:106,1
DA:108,1
DA:109,1
DA:110,1
DA:114,1
DA:115,1
DA:116,1
DA:117,1
DA:118,1
DA:120,1
DA:121,1
DA:122,1
DA:123,1
DA:124,1
DA:125,1
DA:127,1
DA:128,1
DA:129,1
DA:132,1
DA:133,1
DA:134,1
DA:135,1
DA:137,1
DA:139,1
DA:141,1
DA:142,1
DA:144,1
DA:147,1
DA:153,1
DA:154,1
DA:155,1
DA:159,1
DA:160,1
DA:163,1
DA:164,1
DA:166,1
DA:168,1
DA:171,1
DA:177,1
DA:178,1
DA:179,1
DA:183,1
DA:184,1
DA:185,1
DA:186,1
DA:187,1
DA:188,1
DA:189,1
DA:190,1
DA:192,1
DA:193,1
DA:194,1
LF:109
LH:105
BRDA:19,1,0,0
BRDA:19,1,1,5
BRDA:20,2,0,0
BRDA:20,2,1,5
BRDA:96,3,0,0
BRDA:96,3,1,1
BRF:6
BRH:3
end_of_record
TN:
SF:D:\OCS\launchpad-cr\test\app\utils\dom-manager.util.spec.ts
FN:4,(anonymous_3)
FN:8,(anonymous_4)
FN:26,(anonymous_5)
FN:30,(anonymous_6)
FN:34,(anonymous_7)
FN:38,(anonymous_8)
FN:42,(anonymous_9)
FN:46,(anonymous_10)
FNF:8
FNH:8
FNDA:1,(anonymous_3)
FNDA:5,(anonymous_4)
FNDA:5,(anonymous_5)
FNDA:1,(anonymous_6)
FNDA:1,(anonymous_7)
FNDA:1,(anonymous_8)
FNDA:1,(anonymous_9)
FNDA:1,(anonymous_10)
DA:1,1
DA:2,1
DA:4,1
DA:5,1
DA:6,1
DA:8,1
DA:9,5
DA:10,5
DA:12,5
DA:13,5
DA:14,5
DA:16,5
DA:17,5
DA:18,5
DA:20,5
DA:21,5
DA:22,5
DA:23,5
DA:26,1
DA:27,5
DA:30,1
DA:31,1
DA:34,1
DA:35,1
DA:38,1
DA:39,1
DA:42,1
DA:43,1
DA:46,1
DA:47,1
LF:30
LH:30
BRF:0
BRH:0
end_of_record
TN:
SF:D:\OCS\launchpad-cr\test\app\utils\event-manager.util.spec.ts
FN:3,(anonymous_3)
FN:5,(anonymous_4)
FN:9,(anonymous_5)
FN:13,(anonymous_6)
FN:19,(anonymous_7)
FN:25,(anonymous_8)
FN:32,(anonymous_9)
FNF:7
FNH:7
FNDA:1,(anonymous_3)
FNDA:2,(anonymous_4)
FNDA:4,(anonymous_5)
FNDA:1,(anonymous_6)
FNDA:1,(anonymous_7)
FNDA:1,(anonymous_8)
FNDA:1,(anonymous_9)
DA:1,1
DA:3,1
DA:4,1
DA:5,1
DA:6,2
DA:9,1
DA:10,4
DA:13,1
DA:14,1
DA:15,1
DA:16,1
DA:19,1
DA:20,1
DA:21,1
DA:22,1
DA:25,1
DA:26,1
DA:27,1
DA:28,1
DA:29,1
DA:32,1
DA:33,1
DA:34,1
DA:35,1
DA:36,1
LF:25
LH:25
BRF:0
BRH:0
end_of_record
TN:
SF:D:\OCS\launchpad-cr\test\app\utils\key-manager.util.spec.ts
FN:5,(anonymous_3)
FN:8,(anonymous_4)
FN:12,(anonymous_5)
FN:16,(anonymous_6)
FN:20,(anonymous_7)
FN:24,(anonymous_8)
FNF:6
FNH:6
FNDA:1,(anonymous_3)
FNDA:4,(anonymous_4)
FNDA:1,(anonymous_5)
FNDA:1,(anonymous_6)
FNDA:1,(anonymous_7)
FNDA:1,(anonymous_8)
DA:3,1
DA:5,1
DA:6,1
DA:8,1
DA:9,4
DA:12,1
DA:13,1
DA:16,1
DA:17,1
DA:20,1
DA:21,1
DA:24,1
DA:25,1
DA:26,1
DA:27,1
LF:15
LH:15
BRF:0
BRH:0
end_of_record
TN:
SF:D:\OCS\launchpad-cr\test\app\utils\parsing-manager-util.spec.ts
FN:7,(anonymous_3)
FN:8,(anonymous_4)
FNF:2
FNH:2
FNDA:1,(anonymous_3)
FNDA:1,(anonymous_4)
DA:4,1
DA:5,1
DA:7,1
DA:8,1
DA:9,1
DA:10,1
DA:11,1
DA:12,1
DA:13,1
DA:14,1
DA:15,1
DA:16,1
LF:12
LH:12
BRF:0
BRH:0
end_of_record
TN:
SF:D:\OCS\launchpad-cr\test\app\utils\parsing-manager.util.spec.ts
FN:3,(anonymous_3)
FN:4,(anonymous_4)
FNF:2
FNH:2
FNDA:1,(anonymous_3)
FNDA:1,(anonymous_4)
DA:1,1
DA:3,1
DA:4,1
DA:5,1
LF:4
LH:4
BRF:0
BRH:0
end_of_record
TN:
SF:D:\OCS\launchpad-cr\test\app\utils\source-reposition.util.spec.ts
FN:19,(anonymous_3)
FN:22,(anonymous_4)
FN:26,(anonymous_5)
FN:30,(anonymous_6)
FN:31,(anonymous_7)
FN:36,(anonymous_8)
FN:42,(anonymous_9)
FN:48,(anonymous_10)
FN:53,(anonymous_11)
FN:59,(anonymous_12)
FN:65,(anonymous_13)
FNF:11
FNH:11
FNDA:1,(anonymous_3)
FNDA:8,(anonymous_4)
FNDA:1,(anonymous_5)
FNDA:1,(anonymous_6)
FNDA:4,(anonymous_7)
FNDA:1,(anonymous_8)
FNDA:1,(anonymous_9)
FNDA:1,(anonymous_10)
FNDA:1,(anonymous_11)
FNDA:1,(anonymous_12)
FNDA:1,(anonymous_13)
DA:4,1
DA:5,1
DA:19,1
DA:20,1
DA:22,1
DA:23,8
DA:26,1
DA:27,1
DA:30,1
DA:31,4
DA:32,1
DA:33,1
DA:36,1
DA:37,1
DA:38,1
DA:39,1
DA:42,1
DA:43,1
DA:44,1
DA:45,1
DA:48,1
DA:49,1
DA:50,1
DA:53,1
DA:54,1
DA:55,1
DA:56,1
DA:59,1
DA:60,1
DA:61,1
DA:62,1
DA:65,1
DA:66,1
DA:67,1
LF:34
LH:34
BRF:0
BRH:0
end_of_record
TN:
SF:D:\OCS\launchpad-cr\test\app\utils\tilepreset-manager.util.spec.ts
FN:5,(anonymous_3)
FN:8,(anonymous_4)
FN:12,(anonymous_5)
FN:16,(anonymous_6)
FN:28,(anonymous_7)
FN:34,(anonymous_8)
FN:40,(anonymous_9)
FNF:7
FNH:7
FNDA:1,(anonymous_3)
FNDA:5,(anonymous_4)
FNDA:1,(anonymous_5)
FNDA:1,(anonymous_6)
FNDA:1,(anonymous_7)
FNDA:1,(anonymous_8)
FNDA:1,(anonymous_9)
DA:2,1
DA:3,1
DA:5,1
DA:6,1
DA:8,1
DA:9,5
DA:12,1
DA:13,1
DA:16,1
DA:17,1
DA:18,1
DA:19,1
DA:21,1
DA:22,1
DA:24,1
DA:25,1
DA:28,1
DA:29,1
DA:30,1
DA:31,1
DA:34,1
DA:35,1
DA:36,1
DA:37,1
DA:40,1
DA:41,1
DA:42,1
DA:43,1
LF:28
LH:28
BRF:0
BRH:0
end_of_record
